2025-05-20 18:45:47,674 INFO - ----- Script started -----
 
2025-05-20 18:45:56,193 INFO - Dataset: IRIS 
2025-05-20 18:45:59,324 INFO - Impurity: GINI 
2025-05-20 18:46:03,878 INFO - Creating Forest...
 
2025-05-20 18:46:03,881 INFO - Making node... 
2025-05-20 18:46:03,881 INFO - Making node... 
2025-05-20 18:46:03,882 INFO - Making node... 
2025-05-20 18:46:03,882 INFO - Leaf created 
2025-05-20 18:46:03,882 INFO - Most frequent label: 0 
2025-05-20 18:46:03,882 INFO - Making node... 
2025-05-20 18:46:03,883 INFO - Making node... 
2025-05-20 18:46:03,883 INFO - Leaf created 
2025-05-20 18:46:03,883 INFO - Most frequent label: 1 
2025-05-20 18:46:03,883 INFO - Making node... 
2025-05-20 18:46:03,883 INFO - Making node... 
2025-05-20 18:46:03,883 INFO - Leaf created 
2025-05-20 18:46:03,883 INFO - Most frequent label: 2 
2025-05-20 18:46:03,883 INFO - Making node... 
2025-05-20 18:46:03,884 INFO - Making node... 
2025-05-20 18:46:03,884 INFO - Leaf created 
2025-05-20 18:46:03,884 INFO - Most frequent label: 1 
2025-05-20 18:46:03,884 INFO - Making node... 
2025-05-20 18:46:03,884 INFO - Leaf created 
2025-05-20 18:46:03,884 INFO - Most frequent label: 2 
2025-05-20 18:46:03,884 INFO - Making node... 
2025-05-20 18:46:03,884 INFO - Leaf created 
2025-05-20 18:46:03,884 INFO - Most frequent label: 2 
2025-05-20 18:46:03,884 INFO - 1 Tree created
 
2025-05-20 18:46:03,885 INFO - Making node... 
2025-05-20 18:46:03,885 INFO - Making node... 
2025-05-20 18:46:03,885 INFO - Leaf created 
2025-05-20 18:46:03,885 INFO - Most frequent label: 0 
2025-05-20 18:46:03,885 INFO - Making node... 
2025-05-20 18:46:03,886 INFO - Making node... 
2025-05-20 18:46:03,886 INFO - Making node... 
2025-05-20 18:46:03,886 INFO - Leaf created 
2025-05-20 18:46:03,886 INFO - Most frequent label: 1 
2025-05-20 18:46:03,886 INFO - Making node... 
2025-05-20 18:46:03,886 INFO - Making node... 
2025-05-20 18:46:03,887 INFO - Making node... 
2025-05-20 18:46:03,887 INFO - Leaf created 
2025-05-20 18:46:03,887 INFO - Most frequent label: 1 
2025-05-20 18:46:03,887 INFO - Making node... 
2025-05-20 18:46:03,887 INFO - Leaf created 
2025-05-20 18:46:03,887 INFO - Most frequent label: 1 
2025-05-20 18:46:03,887 INFO - Making node... 
2025-05-20 18:46:03,887 INFO - Making node... 
2025-05-20 18:46:03,887 INFO - Leaf created 
2025-05-20 18:46:03,887 INFO - Most frequent label: 1 
2025-05-20 18:46:03,887 INFO - Making node... 
2025-05-20 18:46:03,888 INFO - Leaf created 
2025-05-20 18:46:03,888 INFO - Most frequent label: 2 
2025-05-20 18:46:03,888 INFO - Making node... 
2025-05-20 18:46:03,888 INFO - Leaf created 
2025-05-20 18:46:03,888 INFO - Most frequent label: 2 
2025-05-20 18:46:03,888 INFO - 2 Tree created
 
2025-05-20 18:46:03,888 INFO - Making node... 
2025-05-20 18:46:03,888 INFO - Making node... 
2025-05-20 18:46:03,889 INFO - Making node... 
2025-05-20 18:46:03,889 INFO - Leaf created 
2025-05-20 18:46:03,889 INFO - Most frequent label: 0 
2025-05-20 18:46:03,889 INFO - Making node... 
2025-05-20 18:46:03,889 INFO - Making node... 
2025-05-20 18:46:03,889 INFO - Making node... 
2025-05-20 18:46:03,889 INFO - Leaf created 
2025-05-20 18:46:03,890 INFO - Most frequent label: 1 
2025-05-20 18:46:03,890 INFO - Making node... 
2025-05-20 18:46:03,890 INFO - Leaf created 
2025-05-20 18:46:03,890 INFO - Most frequent label: 0 
2025-05-20 18:46:03,890 INFO - Making node... 
2025-05-20 18:46:03,890 INFO - Leaf created 
2025-05-20 18:46:03,890 INFO - Most frequent label: 0 
2025-05-20 18:46:03,890 INFO - Making node... 
2025-05-20 18:46:03,891 INFO - Making node... 
2025-05-20 18:46:03,892 INFO - Making node... 
2025-05-20 18:46:03,892 INFO - Leaf created 
2025-05-20 18:46:03,892 INFO - Most frequent label: 1 
2025-05-20 18:46:03,892 INFO - Making node... 
2025-05-20 18:46:03,892 INFO - Leaf created 
2025-05-20 18:46:03,892 INFO - Most frequent label: 1 
2025-05-20 18:46:03,892 INFO - Making node... 
2025-05-20 18:46:03,893 INFO - Making node... 
2025-05-20 18:46:03,893 INFO - Making node... 
2025-05-20 18:46:03,893 INFO - Leaf created 
2025-05-20 18:46:03,893 INFO - Most frequent label: 1 
2025-05-20 18:46:03,894 INFO - Making node... 
2025-05-20 18:46:03,894 INFO - Leaf created 
2025-05-20 18:46:03,894 INFO - Most frequent label: 2 
2025-05-20 18:46:03,894 INFO - Making node... 
2025-05-20 18:46:03,894 INFO - Leaf created 
2025-05-20 18:46:03,894 INFO - Most frequent label: 2 
2025-05-20 18:46:03,895 INFO - 3 Tree created
 
2025-05-20 18:46:03,895 INFO - Making node... 
2025-05-20 18:46:03,895 INFO - Making node... 
2025-05-20 18:46:03,896 INFO - Making node... 
2025-05-20 18:46:03,897 INFO - Making node... 
2025-05-20 18:46:03,897 INFO - Leaf created 
2025-05-20 18:46:03,897 INFO - Most frequent label: 0 
2025-05-20 18:46:03,897 INFO - Making node... 
2025-05-20 18:46:03,898 INFO - Making node... 
2025-05-20 18:46:03,898 INFO - Making node... 
2025-05-20 18:46:03,899 INFO - Making node... 
2025-05-20 18:46:03,899 INFO - Making node... 
2025-05-20 18:46:03,900 INFO - Making node... 
2025-05-20 18:46:03,901 INFO - Making node... 
2025-05-20 18:46:03,901 INFO - Leaf created 
2025-05-20 18:46:03,901 INFO - Most frequent label: 1 
2025-05-20 18:46:03,902 INFO - Making node... 
2025-05-20 18:46:03,902 INFO - Leaf created 
2025-05-20 18:46:03,902 INFO - Most frequent label: 2 
2025-05-20 18:46:03,902 INFO - Making node... 
2025-05-20 18:46:03,902 INFO - Leaf created 
2025-05-20 18:46:03,902 INFO - Most frequent label: 2 
2025-05-20 18:46:03,902 INFO - Making node... 
2025-05-20 18:46:03,903 INFO - Leaf created 
2025-05-20 18:46:03,903 INFO - Most frequent label: 1 
2025-05-20 18:46:03,903 INFO - Making node... 
2025-05-20 18:46:03,903 INFO - Leaf created 
2025-05-20 18:46:03,903 INFO - Most frequent label: 2 
2025-05-20 18:46:03,903 INFO - Making node... 
2025-05-20 18:46:03,903 INFO - Leaf created 
2025-05-20 18:46:03,903 INFO - Most frequent label: 1 
2025-05-20 18:46:03,903 INFO - Making node... 
2025-05-20 18:46:03,903 INFO - Leaf created 
2025-05-20 18:46:03,903 INFO - Most frequent label: 2 
2025-05-20 18:46:03,903 INFO - Making node... 
2025-05-20 18:46:03,903 INFO - Leaf created 
2025-05-20 18:46:03,903 INFO - Most frequent label: 2 
2025-05-20 18:46:03,904 INFO - Making node... 
2025-05-20 18:46:03,904 INFO - Leaf created 
2025-05-20 18:46:03,904 INFO - Most frequent label: 2 
2025-05-20 18:46:03,904 INFO - 4 Tree created
 
2025-05-20 18:46:03,904 INFO - Making node... 
2025-05-20 18:46:03,904 INFO - Making node... 
2025-05-20 18:46:03,904 INFO - Leaf created 
2025-05-20 18:46:03,905 INFO - Most frequent label: 0 
2025-05-20 18:46:03,905 INFO - Making node... 
2025-05-20 18:46:03,905 INFO - Making node... 
2025-05-20 18:46:03,905 INFO - Leaf created 
2025-05-20 18:46:03,906 INFO - Most frequent label: 0 
2025-05-20 18:46:03,906 INFO - Making node... 
2025-05-20 18:46:03,907 INFO - Making node... 
2025-05-20 18:46:03,907 INFO - Making node... 
2025-05-20 18:46:03,907 INFO - Leaf created 
2025-05-20 18:46:03,908 INFO - Most frequent label: 1 
2025-05-20 18:46:03,908 INFO - Making node... 
2025-05-20 18:46:03,908 INFO - Making node... 
2025-05-20 18:46:03,908 INFO - Making node... 
2025-05-20 18:46:03,908 INFO - Leaf created 
2025-05-20 18:46:03,909 INFO - Most frequent label: 1 
2025-05-20 18:46:03,909 INFO - Making node... 
2025-05-20 18:46:03,909 INFO - Leaf created 
2025-05-20 18:46:03,909 INFO - Most frequent label: 1 
2025-05-20 18:46:03,909 INFO - Making node... 
2025-05-20 18:46:03,909 INFO - Leaf created 
2025-05-20 18:46:03,909 INFO - Most frequent label: 1 
2025-05-20 18:46:03,909 INFO - Making node... 
2025-05-20 18:46:03,909 INFO - Leaf created 
2025-05-20 18:46:03,909 INFO - Most frequent label: 2 
2025-05-20 18:46:03,909 INFO - 5 Tree created
 
2025-05-20 18:46:03,909 INFO - Making node... 
2025-05-20 18:46:03,910 INFO - Making node... 
2025-05-20 18:46:03,910 INFO - Leaf created 
2025-05-20 18:46:03,910 INFO - Most frequent label: 0 
2025-05-20 18:46:03,910 INFO - Making node... 
2025-05-20 18:46:03,910 INFO - Making node... 
2025-05-20 18:46:03,911 INFO - Making node... 
2025-05-20 18:46:03,911 INFO - Making node... 
2025-05-20 18:46:03,911 INFO - Making node... 
2025-05-20 18:46:03,911 INFO - Leaf created 
2025-05-20 18:46:03,912 INFO - Most frequent label: 1 
2025-05-20 18:46:03,912 INFO - Making node... 
2025-05-20 18:46:03,912 INFO - Leaf created 
2025-05-20 18:46:03,912 INFO - Most frequent label: 1 
2025-05-20 18:46:03,912 INFO - Making node... 
2025-05-20 18:46:03,912 INFO - Making node... 
2025-05-20 18:46:03,912 INFO - Leaf created 
2025-05-20 18:46:03,912 INFO - Most frequent label: 2 
2025-05-20 18:46:03,912 INFO - Making node... 
2025-05-20 18:46:03,912 INFO - Leaf created 
2025-05-20 18:46:03,912 INFO - Most frequent label: 2 
2025-05-20 18:46:03,913 INFO - Making node... 
2025-05-20 18:46:03,913 INFO - Leaf created 
2025-05-20 18:46:03,913 INFO - Most frequent label: 0 
2025-05-20 18:46:03,913 INFO - Making node... 
2025-05-20 18:46:03,913 INFO - Leaf created 
2025-05-20 18:46:03,913 INFO - Most frequent label: 2 
2025-05-20 18:46:03,913 INFO - 6 Tree created
 
2025-05-20 18:46:03,913 INFO - Making node... 
2025-05-20 18:46:03,913 INFO - Making node... 
2025-05-20 18:46:03,914 INFO - Leaf created 
2025-05-20 18:46:03,914 INFO - Most frequent label: 0 
2025-05-20 18:46:03,914 INFO - Making node... 
2025-05-20 18:46:03,915 INFO - Making node... 
2025-05-20 18:46:03,916 INFO - Making node... 
2025-05-20 18:46:03,916 INFO - Leaf created 
2025-05-20 18:46:03,916 INFO - Most frequent label: 1 
2025-05-20 18:46:03,917 INFO - Making node... 
2025-05-20 18:46:03,917 INFO - Making node... 
2025-05-20 18:46:03,917 INFO - Leaf created 
2025-05-20 18:46:03,918 INFO - Most frequent label: 1 
2025-05-20 18:46:03,918 INFO - Making node... 
2025-05-20 18:46:03,918 INFO - Making node... 
2025-05-20 18:46:03,918 INFO - Leaf created 
2025-05-20 18:46:03,918 INFO - Most frequent label: 2 
2025-05-20 18:46:03,919 INFO - Making node... 
2025-05-20 18:46:03,919 INFO - Leaf created 
2025-05-20 18:46:03,919 INFO - Most frequent label: 2 
2025-05-20 18:46:03,919 INFO - Making node... 
2025-05-20 18:46:03,919 INFO - Leaf created 
2025-05-20 18:46:03,919 INFO - Most frequent label: 2 
2025-05-20 18:46:03,919 INFO - 7 Tree created
 
2025-05-20 18:46:03,919 INFO - Making node... 
2025-05-20 18:46:03,920 INFO - Making node... 
2025-05-20 18:46:03,920 INFO - Making node... 
2025-05-20 18:46:03,920 INFO - Leaf created 
2025-05-20 18:46:03,920 INFO - Most frequent label: 1 
2025-05-20 18:46:03,920 INFO - Making node... 
2025-05-20 18:46:03,921 INFO - Making node... 
2025-05-20 18:46:03,922 INFO - Making node... 
2025-05-20 18:46:03,922 INFO - Leaf created 
2025-05-20 18:46:03,922 INFO - Most frequent label: 0 
2025-05-20 18:46:03,922 INFO - Making node... 
2025-05-20 18:46:03,923 INFO - Making node... 
2025-05-20 18:46:03,923 INFO - Making node... 
2025-05-20 18:46:03,923 INFO - Making node... 
2025-05-20 18:46:03,924 INFO - Making node... 
2025-05-20 18:46:03,924 INFO - Leaf created 
2025-05-20 18:46:03,924 INFO - Most frequent label: 1 
2025-05-20 18:46:03,924 INFO - Making node... 
2025-05-20 18:46:03,924 INFO - Making node... 
2025-05-20 18:46:03,924 INFO - Leaf created 
2025-05-20 18:46:03,925 INFO - Most frequent label: 1 
2025-05-20 18:46:03,925 INFO - Making node... 
2025-05-20 18:46:03,925 INFO - Leaf created 
2025-05-20 18:46:03,925 INFO - Most frequent label: 2 
2025-05-20 18:46:03,925 INFO - Making node... 
2025-05-20 18:46:03,925 INFO - Leaf created 
2025-05-20 18:46:03,925 INFO - Most frequent label: 2 
2025-05-20 18:46:03,925 INFO - Making node... 
2025-05-20 18:46:03,925 INFO - Leaf created 
2025-05-20 18:46:03,925 INFO - Most frequent label: 2 
2025-05-20 18:46:03,925 INFO - Making node... 
2025-05-20 18:46:03,925 INFO - Leaf created 
2025-05-20 18:46:03,925 INFO - Most frequent label: 2 
2025-05-20 18:46:03,925 INFO - Making node... 
2025-05-20 18:46:03,926 INFO - Leaf created 
2025-05-20 18:46:03,926 INFO - Most frequent label: 0 
2025-05-20 18:46:03,926 INFO - Making node... 
2025-05-20 18:46:03,926 INFO - Leaf created 
2025-05-20 18:46:03,926 INFO - Most frequent label: 0 
2025-05-20 18:46:03,926 INFO - 8 Tree created
 
2025-05-20 18:46:03,926 INFO - Making node... 
2025-05-20 18:46:03,926 INFO - Making node... 
2025-05-20 18:46:03,927 INFO - Making node... 
2025-05-20 18:46:03,927 INFO - Leaf created 
2025-05-20 18:46:03,927 INFO - Most frequent label: 0 
2025-05-20 18:46:03,927 INFO - Making node... 
2025-05-20 18:46:03,927 INFO - Making node... 
2025-05-20 18:46:03,927 INFO - Leaf created 
2025-05-20 18:46:03,927 INFO - Most frequent label: 0 
2025-05-20 18:46:03,927 INFO - Making node... 
2025-05-20 18:46:03,928 INFO - Making node... 
2025-05-20 18:46:03,928 INFO - Making node... 
2025-05-20 18:46:03,928 INFO - Making node... 
2025-05-20 18:46:03,928 INFO - Leaf created 
2025-05-20 18:46:03,928 INFO - Most frequent label: 1 
2025-05-20 18:46:03,929 INFO - Making node... 
2025-05-20 18:46:03,929 INFO - Leaf created 
2025-05-20 18:46:03,929 INFO - Most frequent label: 1 
2025-05-20 18:46:03,929 INFO - Making node... 
2025-05-20 18:46:03,929 INFO - Leaf created 
2025-05-20 18:46:03,929 INFO - Most frequent label: 2 
2025-05-20 18:46:03,929 INFO - Making node... 
2025-05-20 18:46:03,929 INFO - Leaf created 
2025-05-20 18:46:03,929 INFO - Most frequent label: 2 
2025-05-20 18:46:03,929 INFO - Making node... 
2025-05-20 18:46:03,929 INFO - Making node... 
2025-05-20 18:46:03,929 INFO - Leaf created 
2025-05-20 18:46:03,929 INFO - Most frequent label: 0 
2025-05-20 18:46:03,930 INFO - Making node... 
2025-05-20 18:46:03,930 INFO - Making node... 
2025-05-20 18:46:03,930 INFO - Leaf created 
2025-05-20 18:46:03,930 INFO - Most frequent label: 0 
2025-05-20 18:46:03,930 INFO - Making node... 
2025-05-20 18:46:03,930 INFO - Leaf created 
2025-05-20 18:46:03,930 INFO - Most frequent label: 2 
2025-05-20 18:46:03,930 INFO - 9 Tree created
 
2025-05-20 18:46:03,930 INFO - Making node... 
2025-05-20 18:46:03,931 INFO - Making node... 
2025-05-20 18:46:03,931 INFO - Leaf created 
2025-05-20 18:46:03,931 INFO - Most frequent label: 0 
2025-05-20 18:46:03,932 INFO - Making node... 
2025-05-20 18:46:03,932 INFO - Making node... 
2025-05-20 18:46:03,933 INFO - Making node... 
2025-05-20 18:46:03,933 INFO - Making node... 
2025-05-20 18:46:03,933 INFO - Leaf created 
2025-05-20 18:46:03,933 INFO - Most frequent label: 1 
2025-05-20 18:46:03,933 INFO - Making node... 
2025-05-20 18:46:03,934 INFO - Making node... 
2025-05-20 18:46:03,934 INFO - Leaf created 
2025-05-20 18:46:03,934 INFO - Most frequent label: 0 
2025-05-20 18:46:03,934 INFO - Making node... 
2025-05-20 18:46:03,934 INFO - Making node... 
2025-05-20 18:46:03,935 INFO - Making node... 
2025-05-20 18:46:03,935 INFO - Leaf created 
2025-05-20 18:46:03,935 INFO - Most frequent label: 2 
2025-05-20 18:46:03,935 INFO - Making node... 
2025-05-20 18:46:03,935 INFO - Leaf created 
2025-05-20 18:46:03,935 INFO - Most frequent label: 2 
2025-05-20 18:46:03,935 INFO - Making node... 
2025-05-20 18:46:03,935 INFO - Leaf created 
2025-05-20 18:46:03,935 INFO - Most frequent label: 2 
2025-05-20 18:46:03,935 INFO - Making node... 
2025-05-20 18:46:03,935 INFO - Leaf created 
2025-05-20 18:46:03,935 INFO - Most frequent label: 2 
2025-05-20 18:46:03,936 INFO - Making node... 
2025-05-20 18:46:03,936 INFO - Leaf created 
2025-05-20 18:46:03,936 INFO - Most frequent label: 0 
2025-05-20 18:46:03,936 INFO - 10 Tree created
 
2025-05-20 18:46:03,936 INFO - Making node... 
2025-05-20 18:46:03,936 INFO - Making node... 
2025-05-20 18:46:03,937 INFO - Making node... 
2025-05-20 18:46:03,937 INFO - Making node... 
2025-05-20 18:46:03,937 INFO - Leaf created 
2025-05-20 18:46:03,937 INFO - Most frequent label: 1 
2025-05-20 18:46:03,938 INFO - Making node... 
2025-05-20 18:46:03,938 INFO - Leaf created 
2025-05-20 18:46:03,938 INFO - Most frequent label: 0 
2025-05-20 18:46:03,938 INFO - Making node... 
2025-05-20 18:46:03,938 INFO - Making node... 
2025-05-20 18:46:03,939 INFO - Making node... 
2025-05-20 18:46:03,939 INFO - Leaf created 
2025-05-20 18:46:03,939 INFO - Most frequent label: 1 
2025-05-20 18:46:03,939 INFO - Making node... 
2025-05-20 18:46:03,939 INFO - Making node... 
2025-05-20 18:46:03,939 INFO - Leaf created 
2025-05-20 18:46:03,939 INFO - Most frequent label: 2 
2025-05-20 18:46:03,939 INFO - Making node... 
2025-05-20 18:46:03,939 INFO - Leaf created 
2025-05-20 18:46:03,940 INFO - Most frequent label: 2 
2025-05-20 18:46:03,940 INFO - Making node... 
2025-05-20 18:46:03,940 INFO - Leaf created 
2025-05-20 18:46:03,940 INFO - Most frequent label: 2 
2025-05-20 18:46:03,940 INFO - Making node... 
2025-05-20 18:46:03,940 INFO - Leaf created 
2025-05-20 18:46:03,940 INFO - Most frequent label: 2 
2025-05-20 18:46:03,940 INFO - 11 Tree created
 
2025-05-20 18:46:03,940 INFO - Making node... 
2025-05-20 18:46:03,941 INFO - Making node... 
2025-05-20 18:46:03,941 INFO - Leaf created 
2025-05-20 18:46:03,941 INFO - Most frequent label: 0 
2025-05-20 18:46:03,941 INFO - Making node... 
2025-05-20 18:46:03,941 INFO - Making node... 
2025-05-20 18:46:03,942 INFO - Making node... 
2025-05-20 18:46:03,942 INFO - Making node... 
2025-05-20 18:46:03,942 INFO - Making node... 
2025-05-20 18:46:03,942 INFO - Leaf created 
2025-05-20 18:46:03,943 INFO - Most frequent label: 1 
2025-05-20 18:46:03,943 INFO - Making node... 
2025-05-20 18:46:03,943 INFO - Making node... 
2025-05-20 18:46:03,943 INFO - Leaf created 
2025-05-20 18:46:03,943 INFO - Most frequent label: 1 
2025-05-20 18:46:03,943 INFO - Making node... 
2025-05-20 18:46:03,944 INFO - Making node... 
2025-05-20 18:46:03,944 INFO - Leaf created 
2025-05-20 18:46:03,944 INFO - Most frequent label: 1 
2025-05-20 18:46:03,944 INFO - Making node... 
2025-05-20 18:46:03,944 INFO - Leaf created 
2025-05-20 18:46:03,944 INFO - Most frequent label: 2 
2025-05-20 18:46:03,944 INFO - Making node... 
2025-05-20 18:46:03,944 INFO - Leaf created 
2025-05-20 18:46:03,944 INFO - Most frequent label: 1 
2025-05-20 18:46:03,944 INFO - Making node... 
2025-05-20 18:46:03,944 INFO - Leaf created 
2025-05-20 18:46:03,944 INFO - Most frequent label: 2 
2025-05-20 18:46:03,944 INFO - Making node... 
2025-05-20 18:46:03,944 INFO - Leaf created 
2025-05-20 18:46:03,944 INFO - Most frequent label: 2 
2025-05-20 18:46:03,945 INFO - 12 Tree created
 
2025-05-20 18:46:03,945 INFO - Making node... 
2025-05-20 18:46:03,945 INFO - Making node... 
2025-05-20 18:46:03,945 INFO - Leaf created 
2025-05-20 18:46:03,945 INFO - Most frequent label: 0 
2025-05-20 18:46:03,945 INFO - Making node... 
2025-05-20 18:46:03,946 INFO - Making node... 
2025-05-20 18:46:03,946 INFO - Leaf created 
2025-05-20 18:46:03,946 INFO - Most frequent label: 1 
2025-05-20 18:46:03,946 INFO - Making node... 
2025-05-20 18:46:03,946 INFO - Making node... 
2025-05-20 18:46:03,946 INFO - Making node... 
2025-05-20 18:46:03,947 INFO - Making node... 
2025-05-20 18:46:03,947 INFO - Making node... 
2025-05-20 18:46:03,947 INFO - Leaf created 
2025-05-20 18:46:03,947 INFO - Most frequent label: 1 
2025-05-20 18:46:03,948 INFO - Making node... 
2025-05-20 18:46:03,948 INFO - Leaf created 
2025-05-20 18:46:03,948 INFO - Most frequent label: 2 
2025-05-20 18:46:03,948 INFO - Making node... 
2025-05-20 18:46:03,948 INFO - Leaf created 
2025-05-20 18:46:03,948 INFO - Most frequent label: 2 
2025-05-20 18:46:03,948 INFO - Making node... 
2025-05-20 18:46:03,949 INFO - Leaf created 
2025-05-20 18:46:03,949 INFO - Most frequent label: 2 
2025-05-20 18:46:03,949 INFO - Making node... 
2025-05-20 18:46:03,949 INFO - Leaf created 
2025-05-20 18:46:03,949 INFO - Most frequent label: 2 
2025-05-20 18:46:03,949 INFO - 13 Tree created
 
2025-05-20 18:46:03,949 INFO - Making node... 
2025-05-20 18:46:03,950 INFO - Making node... 
2025-05-20 18:46:03,950 INFO - Making node... 
2025-05-20 18:46:03,950 INFO - Making node... 
2025-05-20 18:46:03,950 INFO - Leaf created 
2025-05-20 18:46:03,950 INFO - Most frequent label: 1 
2025-05-20 18:46:03,951 INFO - Making node... 
2025-05-20 18:46:03,951 INFO - Leaf created 
2025-05-20 18:46:03,951 INFO - Most frequent label: 0 
2025-05-20 18:46:03,951 INFO - Making node... 
2025-05-20 18:46:03,951 INFO - Leaf created 
2025-05-20 18:46:03,951 INFO - Most frequent label: 2 
2025-05-20 18:46:03,951 INFO - Making node... 
2025-05-20 18:46:03,951 INFO - Making node... 
2025-05-20 18:46:03,951 INFO - Making node... 
2025-05-20 18:46:03,952 INFO - Leaf created 
2025-05-20 18:46:03,952 INFO - Most frequent label: 1 
2025-05-20 18:46:03,952 INFO - Making node... 
2025-05-20 18:46:03,952 INFO - Making node... 
2025-05-20 18:46:03,952 INFO - Making node... 
2025-05-20 18:46:03,952 INFO - Leaf created 
2025-05-20 18:46:03,952 INFO - Most frequent label: 1 
2025-05-20 18:46:03,952 INFO - Making node... 
2025-05-20 18:46:03,953 INFO - Making node... 
2025-05-20 18:46:03,953 INFO - Leaf created 
2025-05-20 18:46:03,953 INFO - Most frequent label: 2 
2025-05-20 18:46:03,953 INFO - Making node... 
2025-05-20 18:46:03,953 INFO - Leaf created 
2025-05-20 18:46:03,953 INFO - Most frequent label: 2 
2025-05-20 18:46:03,953 INFO - Making node... 
2025-05-20 18:46:03,953 INFO - Leaf created 
2025-05-20 18:46:03,954 INFO - Most frequent label: 0 
2025-05-20 18:46:03,954 INFO - Making node... 
2025-05-20 18:46:03,954 INFO - Leaf created 
2025-05-20 18:46:03,954 INFO - Most frequent label: 2 
2025-05-20 18:46:03,954 INFO - 14 Tree created
 
2025-05-20 18:46:03,954 INFO - Making node... 
2025-05-20 18:46:03,954 INFO - Making node... 
2025-05-20 18:46:03,955 INFO - Making node... 
2025-05-20 18:46:03,955 INFO - Leaf created 
2025-05-20 18:46:03,955 INFO - Most frequent label: 0 
2025-05-20 18:46:03,955 INFO - Making node... 
2025-05-20 18:46:03,955 INFO - Leaf created 
2025-05-20 18:46:03,955 INFO - Most frequent label: 0 
2025-05-20 18:46:03,955 INFO - Making node... 
2025-05-20 18:46:03,955 INFO - Making node... 
2025-05-20 18:46:03,955 INFO - Making node... 
2025-05-20 18:46:03,956 INFO - Making node... 
2025-05-20 18:46:03,956 INFO - Leaf created 
2025-05-20 18:46:03,956 INFO - Most frequent label: 1 
2025-05-20 18:46:03,956 INFO - Making node... 
2025-05-20 18:46:03,956 INFO - Leaf created 
2025-05-20 18:46:03,956 INFO - Most frequent label: 2 
2025-05-20 18:46:03,956 INFO - Making node... 
2025-05-20 18:46:03,956 INFO - Leaf created 
2025-05-20 18:46:03,956 INFO - Most frequent label: 2 
2025-05-20 18:46:03,956 INFO - Making node... 
2025-05-20 18:46:03,956 INFO - Leaf created 
2025-05-20 18:46:03,956 INFO - Most frequent label: 2 
2025-05-20 18:46:03,956 INFO - 15 Tree created
 
2025-05-20 18:46:03,956 INFO - Making node... 
2025-05-20 18:46:03,957 INFO - Making node... 
2025-05-20 18:46:03,957 INFO - Leaf created 
2025-05-20 18:46:03,957 INFO - Most frequent label: 1 
2025-05-20 18:46:03,957 INFO - Making node... 
2025-05-20 18:46:03,957 INFO - Making node... 
2025-05-20 18:46:03,957 INFO - Leaf created 
2025-05-20 18:46:03,957 INFO - Most frequent label: 0 
2025-05-20 18:46:03,957 INFO - Making node... 
2025-05-20 18:46:03,958 INFO - Making node... 
2025-05-20 18:46:03,958 INFO - Making node... 
2025-05-20 18:46:03,958 INFO - Leaf created 
2025-05-20 18:46:03,958 INFO - Most frequent label: 1 
2025-05-20 18:46:03,958 INFO - Making node... 
2025-05-20 18:46:03,958 INFO - Leaf created 
2025-05-20 18:46:03,958 INFO - Most frequent label: 1 
2025-05-20 18:46:03,958 INFO - Making node... 
2025-05-20 18:46:03,958 INFO - Making node... 
2025-05-20 18:46:03,958 INFO - Making node... 
2025-05-20 18:46:03,959 INFO - Leaf created 
2025-05-20 18:46:03,959 INFO - Most frequent label: 2 
2025-05-20 18:46:03,959 INFO - Making node... 
2025-05-20 18:46:03,959 INFO - Leaf created 
2025-05-20 18:46:03,959 INFO - Most frequent label: 2 
2025-05-20 18:46:03,959 INFO - Making node... 
2025-05-20 18:46:03,959 INFO - Leaf created 
2025-05-20 18:46:03,959 INFO - Most frequent label: 2 
2025-05-20 18:46:03,959 INFO - 16 Tree created
 
2025-05-20 18:46:03,959 INFO - Making node... 
2025-05-20 18:46:03,959 INFO - Making node... 
2025-05-20 18:46:03,959 INFO - Making node... 
2025-05-20 18:46:03,960 INFO - Leaf created 
2025-05-20 18:46:03,960 INFO - Most frequent label: 1 
2025-05-20 18:46:03,960 INFO - Making node... 
2025-05-20 18:46:03,960 INFO - Making node... 
2025-05-20 18:46:03,960 INFO - Leaf created 
2025-05-20 18:46:03,960 INFO - Most frequent label: 0 
2025-05-20 18:46:03,960 INFO - Making node... 
2025-05-20 18:46:03,960 INFO - Leaf created 
2025-05-20 18:46:03,960 INFO - Most frequent label: 0 
2025-05-20 18:46:03,960 INFO - Making node... 
2025-05-20 18:46:03,960 INFO - Making node... 
2025-05-20 18:46:03,960 INFO - Leaf created 
2025-05-20 18:46:03,960 INFO - Most frequent label: 0 
2025-05-20 18:46:03,961 INFO - Making node... 
2025-05-20 18:46:03,961 INFO - Making node... 
2025-05-20 18:46:03,961 INFO - Leaf created 
2025-05-20 18:46:03,961 INFO - Most frequent label: 1 
2025-05-20 18:46:03,961 INFO - Making node... 
2025-05-20 18:46:03,961 INFO - Making node... 
2025-05-20 18:46:03,961 INFO - Leaf created 
2025-05-20 18:46:03,961 INFO - Most frequent label: 1 
2025-05-20 18:46:03,961 INFO - Making node... 
2025-05-20 18:46:03,961 INFO - Leaf created 
2025-05-20 18:46:03,961 INFO - Most frequent label: 2 
2025-05-20 18:46:03,962 INFO - 17 Tree created
 
2025-05-20 18:46:03,962 INFO - Making node... 
2025-05-20 18:46:03,962 INFO - Making node... 
2025-05-20 18:46:03,962 INFO - Making node... 
2025-05-20 18:46:03,962 INFO - Making node... 
2025-05-20 18:46:03,962 INFO - Leaf created 
2025-05-20 18:46:03,962 INFO - Most frequent label: 0 
2025-05-20 18:46:03,962 INFO - Making node... 
2025-05-20 18:46:03,962 INFO - Leaf created 
2025-05-20 18:46:03,962 INFO - Most frequent label: 2 
2025-05-20 18:46:03,963 INFO - Making node... 
2025-05-20 18:46:03,963 INFO - Making node... 
2025-05-20 18:46:03,963 INFO - Making node... 
2025-05-20 18:46:03,963 INFO - Making node... 
2025-05-20 18:46:03,963 INFO - Leaf created 
2025-05-20 18:46:03,964 INFO - Most frequent label: 0 
2025-05-20 18:46:03,964 INFO - Making node... 
2025-05-20 18:46:03,964 INFO - Making node... 
2025-05-20 18:46:03,964 INFO - Making node... 
2025-05-20 18:46:03,964 INFO - Leaf created 
2025-05-20 18:46:03,964 INFO - Most frequent label: 1 
2025-05-20 18:46:03,964 INFO - Making node... 
2025-05-20 18:46:03,965 INFO - Making node... 
2025-05-20 18:46:03,965 INFO - Making node... 
2025-05-20 18:46:03,965 INFO - Leaf created 
2025-05-20 18:46:03,965 INFO - Most frequent label: 1 
2025-05-20 18:46:03,965 INFO - Making node... 
2025-05-20 18:46:03,965 INFO - Leaf created 
2025-05-20 18:46:03,965 INFO - Most frequent label: 1 
2025-05-20 18:46:03,965 INFO - Making node... 
2025-05-20 18:46:03,965 INFO - Leaf created 
2025-05-20 18:46:03,965 INFO - Most frequent label: 1 
2025-05-20 18:46:03,965 INFO - Making node... 
2025-05-20 18:46:03,965 INFO - Leaf created 
2025-05-20 18:46:03,965 INFO - Most frequent label: 2 
2025-05-20 18:46:03,966 INFO - Making node... 
2025-05-20 18:46:03,966 INFO - Leaf created 
2025-05-20 18:46:03,966 INFO - Most frequent label: 2 
2025-05-20 18:46:03,966 INFO - Making node... 
2025-05-20 18:46:03,966 INFO - Leaf created 
2025-05-20 18:46:03,966 INFO - Most frequent label: 0 
2025-05-20 18:46:03,966 INFO - Making node... 
2025-05-20 18:46:03,966 INFO - Leaf created 
2025-05-20 18:46:03,966 INFO - Most frequent label: 2 
2025-05-20 18:46:03,966 INFO - 18 Tree created
 
2025-05-20 18:46:03,966 INFO - Making node... 
2025-05-20 18:46:03,966 INFO - Making node... 
2025-05-20 18:46:03,967 INFO - Making node... 
2025-05-20 18:46:03,967 INFO - Making node... 
2025-05-20 18:46:03,967 INFO - Leaf created 
2025-05-20 18:46:03,967 INFO - Most frequent label: 0 
2025-05-20 18:46:03,967 INFO - Making node... 
2025-05-20 18:46:03,967 INFO - Leaf created 
2025-05-20 18:46:03,967 INFO - Most frequent label: 1 
2025-05-20 18:46:03,967 INFO - Making node... 
2025-05-20 18:46:03,967 INFO - Making node... 
2025-05-20 18:46:03,967 INFO - Making node... 
2025-05-20 18:46:03,967 INFO - Leaf created 
2025-05-20 18:46:03,968 INFO - Most frequent label: 0 
2025-05-20 18:46:03,968 INFO - Making node... 
2025-05-20 18:46:03,968 INFO - Leaf created 
2025-05-20 18:46:03,968 INFO - Most frequent label: 1 
2025-05-20 18:46:03,968 INFO - Making node... 
2025-05-20 18:46:03,968 INFO - Leaf created 
2025-05-20 18:46:03,968 INFO - Most frequent label: 1 
2025-05-20 18:46:03,968 INFO - Making node... 
2025-05-20 18:46:03,968 INFO - Making node... 
2025-05-20 18:46:03,968 INFO - Leaf created 
2025-05-20 18:46:03,968 INFO - Most frequent label: 2 
2025-05-20 18:46:03,968 INFO - Making node... 
2025-05-20 18:46:03,968 INFO - Leaf created 
2025-05-20 18:46:03,968 INFO - Most frequent label: 2 
2025-05-20 18:46:03,968 INFO - 19 Tree created
 
2025-05-20 18:46:03,968 INFO - Making node... 
2025-05-20 18:46:03,969 INFO - Making node... 
2025-05-20 18:46:03,969 INFO - Leaf created 
2025-05-20 18:46:03,969 INFO - Most frequent label: 1 
2025-05-20 18:46:03,969 INFO - Making node... 
2025-05-20 18:46:03,969 INFO - Making node... 
2025-05-20 18:46:03,970 INFO - Making node... 
2025-05-20 18:46:03,970 INFO - Making node... 
2025-05-20 18:46:03,970 INFO - Leaf created 
2025-05-20 18:46:03,970 INFO - Most frequent label: 0 
2025-05-20 18:46:03,970 INFO - Making node... 
2025-05-20 18:46:03,970 INFO - Leaf created 
2025-05-20 18:46:03,970 INFO - Most frequent label: 1 
2025-05-20 18:46:03,970 INFO - Making node... 
2025-05-20 18:46:03,970 INFO - Leaf created 
2025-05-20 18:46:03,970 INFO - Most frequent label: 1 
2025-05-20 18:46:03,970 INFO - Making node... 
2025-05-20 18:46:03,970 INFO - Making node... 
2025-05-20 18:46:03,971 INFO - Making node... 
2025-05-20 18:46:03,971 INFO - Making node... 
2025-05-20 18:46:03,971 INFO - Leaf created 
2025-05-20 18:46:03,971 INFO - Most frequent label: 1 
2025-05-20 18:46:03,971 INFO - Making node... 
2025-05-20 18:46:03,971 INFO - Leaf created 
2025-05-20 18:46:03,971 INFO - Most frequent label: 2 
2025-05-20 18:46:03,971 INFO - Making node... 
2025-05-20 18:46:03,971 INFO - Leaf created 
2025-05-20 18:46:03,971 INFO - Most frequent label: 2 
2025-05-20 18:46:03,971 INFO - Making node... 
2025-05-20 18:46:03,971 INFO - Leaf created 
2025-05-20 18:46:03,971 INFO - Most frequent label: 2 
2025-05-20 18:46:03,971 INFO - 20 Tree created
 
2025-05-20 18:46:03,972 INFO - Making node... 
2025-05-20 18:46:03,972 INFO - Making node... 
2025-05-20 18:46:03,972 INFO - Making node... 
2025-05-20 18:46:03,972 INFO - Leaf created 
2025-05-20 18:46:03,972 INFO - Most frequent label: 1 
2025-05-20 18:46:03,972 INFO - Making node... 
2025-05-20 18:46:03,972 INFO - Making node... 
2025-05-20 18:46:03,972 INFO - Leaf created 
2025-05-20 18:46:03,973 INFO - Most frequent label: 0 
2025-05-20 18:46:03,973 INFO - Making node... 
2025-05-20 18:46:03,973 INFO - Making node... 
2025-05-20 18:46:03,973 INFO - Leaf created 
2025-05-20 18:46:03,973 INFO - Most frequent label: 0 
2025-05-20 18:46:03,973 INFO - Making node... 
2025-05-20 18:46:03,973 INFO - Making node... 
2025-05-20 18:46:03,973 INFO - Making node... 
2025-05-20 18:46:03,973 INFO - Leaf created 
2025-05-20 18:46:03,974 INFO - Most frequent label: 1 
2025-05-20 18:46:03,974 INFO - Making node... 
2025-05-20 18:46:03,974 INFO - Leaf created 
2025-05-20 18:46:03,974 INFO - Most frequent label: 2 
2025-05-20 18:46:03,974 INFO - Making node... 
2025-05-20 18:46:03,974 INFO - Leaf created 
2025-05-20 18:46:03,974 INFO - Most frequent label: 2 
2025-05-20 18:46:03,974 INFO - Making node... 
2025-05-20 18:46:03,974 INFO - Leaf created 
2025-05-20 18:46:03,974 INFO - Most frequent label: 0 
2025-05-20 18:46:03,974 INFO - 21 Tree created
 
2025-05-20 18:46:03,974 INFO - Making node... 
2025-05-20 18:46:03,974 INFO - Making node... 
2025-05-20 18:46:03,974 INFO - Leaf created 
2025-05-20 18:46:03,974 INFO - Most frequent label: 0 
2025-05-20 18:46:03,975 INFO - Making node... 
2025-05-20 18:46:03,975 INFO - Making node... 
2025-05-20 18:46:03,975 INFO - Leaf created 
2025-05-20 18:46:03,975 INFO - Most frequent label: 0 
2025-05-20 18:46:03,975 INFO - Making node... 
2025-05-20 18:46:03,975 INFO - Making node... 
2025-05-20 18:46:03,976 INFO - Making node... 
2025-05-20 18:46:03,976 INFO - Leaf created 
2025-05-20 18:46:03,976 INFO - Most frequent label: 1 
2025-05-20 18:46:03,976 INFO - Making node... 
2025-05-20 18:46:03,976 INFO - Making node... 
2025-05-20 18:46:03,976 INFO - Leaf created 
2025-05-20 18:46:03,976 INFO - Most frequent label: 1 
2025-05-20 18:46:03,976 INFO - Making node... 
2025-05-20 18:46:03,976 INFO - Making node... 
2025-05-20 18:46:03,976 INFO - Leaf created 
2025-05-20 18:46:03,977 INFO - Most frequent label: 1 
2025-05-20 18:46:03,977 INFO - Making node... 
2025-05-20 18:46:03,977 INFO - Making node... 
2025-05-20 18:46:03,977 INFO - Making node... 
2025-05-20 18:46:03,977 INFO - Making node... 
2025-05-20 18:46:03,977 INFO - Leaf created 
2025-05-20 18:46:03,977 INFO - Most frequent label: 1 
2025-05-20 18:46:03,977 INFO - Making node... 
2025-05-20 18:46:03,978 INFO - Leaf created 
2025-05-20 18:46:03,978 INFO - Most frequent label: 1 
2025-05-20 18:46:03,978 INFO - Making node... 
2025-05-20 18:46:03,978 INFO - Leaf created 
2025-05-20 18:46:03,978 INFO - Most frequent label: 2 
2025-05-20 18:46:03,978 INFO - Making node... 
2025-05-20 18:46:03,978 INFO - Leaf created 
2025-05-20 18:46:03,978 INFO - Most frequent label: 1 
2025-05-20 18:46:03,978 INFO - Making node... 
2025-05-20 18:46:03,978 INFO - Leaf created 
2025-05-20 18:46:03,978 INFO - Most frequent label: 2 
2025-05-20 18:46:03,978 INFO - 22 Tree created
 
2025-05-20 18:46:03,978 INFO - Making node... 
2025-05-20 18:46:03,979 INFO - Making node... 
2025-05-20 18:46:03,979 INFO - Making node... 
2025-05-20 18:46:03,979 INFO - Making node... 
2025-05-20 18:46:03,979 INFO - Making node... 
2025-05-20 18:46:03,979 INFO - Leaf created 
2025-05-20 18:46:03,979 INFO - Most frequent label: 0 
2025-05-20 18:46:03,979 INFO - Making node... 
2025-05-20 18:46:03,980 INFO - Leaf created 
2025-05-20 18:46:03,980 INFO - Most frequent label: 1 
2025-05-20 18:46:03,980 INFO - Making node... 
2025-05-20 18:46:03,980 INFO - Leaf created 
2025-05-20 18:46:03,980 INFO - Most frequent label: 1 
2025-05-20 18:46:03,980 INFO - Making node... 
2025-05-20 18:46:03,981 INFO - Making node... 
2025-05-20 18:46:03,981 INFO - Leaf created 
2025-05-20 18:46:03,981 INFO - Most frequent label: 2 
2025-05-20 18:46:03,981 INFO - Making node... 
2025-05-20 18:46:03,981 INFO - Making node... 
2025-05-20 18:46:03,981 INFO - Making node... 
2025-05-20 18:46:03,982 INFO - Leaf created 
2025-05-20 18:46:03,982 INFO - Most frequent label: 1 
2025-05-20 18:46:03,982 INFO - Making node... 
2025-05-20 18:46:03,982 INFO - Leaf created 
2025-05-20 18:46:03,982 INFO - Most frequent label: 1 
2025-05-20 18:46:03,982 INFO - Making node... 
2025-05-20 18:46:03,982 INFO - Leaf created 
2025-05-20 18:46:03,982 INFO - Most frequent label: 1 
2025-05-20 18:46:03,982 INFO - Making node... 
2025-05-20 18:46:03,982 INFO - Leaf created 
2025-05-20 18:46:03,982 INFO - Most frequent label: 2 
2025-05-20 18:46:03,982 INFO - 23 Tree created
 
2025-05-20 18:46:03,983 INFO - Making node... 
2025-05-20 18:46:03,983 INFO - Making node... 
2025-05-20 18:46:03,984 INFO - Making node... 
2025-05-20 18:46:03,984 INFO - Leaf created 
2025-05-20 18:46:03,984 INFO - Most frequent label: 1 
2025-05-20 18:46:03,984 INFO - Making node... 
2025-05-20 18:46:03,984 INFO - Leaf created 
2025-05-20 18:46:03,984 INFO - Most frequent label: 2 
2025-05-20 18:46:03,984 INFO - Making node... 
2025-05-20 18:46:03,984 INFO - Making node... 
2025-05-20 18:46:03,985 INFO - Leaf created 
2025-05-20 18:46:03,985 INFO - Most frequent label: 0 
2025-05-20 18:46:03,985 INFO - Making node... 
2025-05-20 18:46:03,985 INFO - Making node... 
2025-05-20 18:46:03,985 INFO - Making node... 
2025-05-20 18:46:03,985 INFO - Leaf created 
2025-05-20 18:46:03,985 INFO - Most frequent label: 0 
2025-05-20 18:46:03,986 INFO - Making node... 
2025-05-20 18:46:03,986 INFO - Leaf created 
2025-05-20 18:46:03,986 INFO - Most frequent label: 1 
2025-05-20 18:46:03,986 INFO - Making node... 
2025-05-20 18:46:03,986 INFO - Making node... 
2025-05-20 18:46:03,986 INFO - Leaf created 
2025-05-20 18:46:03,986 INFO - Most frequent label: 2 
2025-05-20 18:46:03,986 INFO - Making node... 
2025-05-20 18:46:03,986 INFO - Leaf created 
2025-05-20 18:46:03,986 INFO - Most frequent label: 2 
2025-05-20 18:46:03,986 INFO - 24 Tree created
 
2025-05-20 18:46:03,986 INFO - Making node... 
2025-05-20 18:46:03,987 INFO - Making node... 
2025-05-20 18:46:03,987 INFO - Making node... 
2025-05-20 18:46:03,987 INFO - Leaf created 
2025-05-20 18:46:03,987 INFO - Most frequent label: 0 
2025-05-20 18:46:03,987 INFO - Making node... 
2025-05-20 18:46:03,987 INFO - Making node... 
2025-05-20 18:46:03,987 INFO - Leaf created 
2025-05-20 18:46:03,988 INFO - Most frequent label: 1 
2025-05-20 18:46:03,988 INFO - Making node... 
2025-05-20 18:46:03,988 INFO - Making node... 
2025-05-20 18:46:03,988 INFO - Making node... 
2025-05-20 18:46:03,988 INFO - Leaf created 
2025-05-20 18:46:03,988 INFO - Most frequent label: 1 
2025-05-20 18:46:03,988 INFO - Making node... 
2025-05-20 18:46:03,989 INFO - Making node... 
2025-05-20 18:46:03,989 INFO - Making node... 
2025-05-20 18:46:03,989 INFO - Leaf created 
2025-05-20 18:46:03,989 INFO - Most frequent label: 1 
2025-05-20 18:46:03,989 INFO - Making node... 
2025-05-20 18:46:03,989 INFO - Leaf created 
2025-05-20 18:46:03,989 INFO - Most frequent label: 2 
2025-05-20 18:46:03,989 INFO - Making node... 
2025-05-20 18:46:03,989 INFO - Leaf created 
2025-05-20 18:46:03,989 INFO - Most frequent label: 0 
2025-05-20 18:46:03,989 INFO - Making node... 
2025-05-20 18:46:03,989 INFO - Making node... 
2025-05-20 18:46:03,990 INFO - Leaf created 
2025-05-20 18:46:03,990 INFO - Most frequent label: 0 
2025-05-20 18:46:03,990 INFO - Making node... 
2025-05-20 18:46:03,990 INFO - Leaf created 
2025-05-20 18:46:03,990 INFO - Most frequent label: 2 
2025-05-20 18:46:03,990 INFO - Making node... 
2025-05-20 18:46:03,990 INFO - Leaf created 
2025-05-20 18:46:03,990 INFO - Most frequent label: 0 
2025-05-20 18:46:03,990 INFO - 25 Tree created
 
2025-05-20 18:46:03,990 INFO - Making node... 
2025-05-20 18:46:03,990 INFO - Making node... 
2025-05-20 18:46:03,991 INFO - Making node... 
2025-05-20 18:46:03,991 INFO - Making node... 
2025-05-20 18:46:03,991 INFO - Leaf created 
2025-05-20 18:46:03,991 INFO - Most frequent label: 0 
2025-05-20 18:46:03,991 INFO - Making node... 
2025-05-20 18:46:03,991 INFO - Leaf created 
2025-05-20 18:46:03,991 INFO - Most frequent label: 1 
2025-05-20 18:46:03,991 INFO - Making node... 
2025-05-20 18:46:03,992 INFO - Making node... 
2025-05-20 18:46:03,992 INFO - Making node... 
2025-05-20 18:46:03,992 INFO - Leaf created 
2025-05-20 18:46:03,992 INFO - Most frequent label: 1 
2025-05-20 18:46:03,992 INFO - Making node... 
2025-05-20 18:46:03,992 INFO - Leaf created 
2025-05-20 18:46:03,992 INFO - Most frequent label: 1 
2025-05-20 18:46:03,992 INFO - Making node... 
2025-05-20 18:46:03,992 INFO - Leaf created 
2025-05-20 18:46:03,992 INFO - Most frequent label: 2 
2025-05-20 18:46:03,992 INFO - Making node... 
2025-05-20 18:46:03,992 INFO - Leaf created 
2025-05-20 18:46:03,992 INFO - Most frequent label: 2 
2025-05-20 18:46:03,992 INFO - 26 Tree created
 
2025-05-20 18:46:03,993 INFO - Making node... 
2025-05-20 18:46:03,993 INFO - Making node... 
2025-05-20 18:46:03,993 INFO - Leaf created 
2025-05-20 18:46:03,993 INFO - Most frequent label: 0 
2025-05-20 18:46:03,993 INFO - Making node... 
2025-05-20 18:46:03,993 INFO - Making node... 
2025-05-20 18:46:03,993 INFO - Leaf created 
2025-05-20 18:46:03,993 INFO - Most frequent label: 0 
2025-05-20 18:46:03,993 INFO - Making node... 
2025-05-20 18:46:03,994 INFO - Making node... 
2025-05-20 18:46:03,994 INFO - Making node... 
2025-05-20 18:46:03,994 INFO - Leaf created 
2025-05-20 18:46:03,994 INFO - Most frequent label: 0 
2025-05-20 18:46:03,994 INFO - Making node... 
2025-05-20 18:46:03,994 INFO - Making node... 
2025-05-20 18:46:03,995 INFO - Making node... 
2025-05-20 18:46:03,995 INFO - Leaf created 
2025-05-20 18:46:03,995 INFO - Most frequent label: 1 
2025-05-20 18:46:03,995 INFO - Making node... 
2025-05-20 18:46:03,995 INFO - Making node... 
2025-05-20 18:46:03,995 INFO - Making node... 
2025-05-20 18:46:03,995 INFO - Leaf created 
2025-05-20 18:46:03,995 INFO - Most frequent label: 1 
2025-05-20 18:46:03,995 INFO - Making node... 
2025-05-20 18:46:03,995 INFO - Leaf created 
2025-05-20 18:46:03,995 INFO - Most frequent label: 2 
2025-05-20 18:46:03,996 INFO - Making node... 
2025-05-20 18:46:03,996 INFO - Leaf created 
2025-05-20 18:46:03,996 INFO - Most frequent label: 2 
2025-05-20 18:46:03,996 INFO - Making node... 
2025-05-20 18:46:03,996 INFO - Leaf created 
2025-05-20 18:46:03,996 INFO - Most frequent label: 2 
2025-05-20 18:46:03,996 INFO - Making node... 
2025-05-20 18:46:03,996 INFO - Leaf created 
2025-05-20 18:46:03,996 INFO - Most frequent label: 0 
2025-05-20 18:46:03,996 INFO - 27 Tree created
 
2025-05-20 18:46:03,996 INFO - Making node... 
2025-05-20 18:46:03,996 INFO - Making node... 
2025-05-20 18:46:03,997 INFO - Making node... 
2025-05-20 18:46:03,997 INFO - Making node... 
2025-05-20 18:46:03,997 INFO - Leaf created 
2025-05-20 18:46:03,997 INFO - Most frequent label: 0 
2025-05-20 18:46:03,997 INFO - Making node... 
2025-05-20 18:46:03,997 INFO - Leaf created 
2025-05-20 18:46:03,997 INFO - Most frequent label: 1 
2025-05-20 18:46:03,998 INFO - Making node... 
2025-05-20 18:46:03,998 INFO - Leaf created 
2025-05-20 18:46:03,998 INFO - Most frequent label: 0 
2025-05-20 18:46:03,998 INFO - Making node... 
2025-05-20 18:46:03,998 INFO - Making node... 
2025-05-20 18:46:03,998 INFO - Leaf created 
2025-05-20 18:46:03,998 INFO - Most frequent label: 0 
2025-05-20 18:46:03,998 INFO - Making node... 
2025-05-20 18:46:03,998 INFO - Making node... 
2025-05-20 18:46:03,999 INFO - Making node... 
2025-05-20 18:46:03,999 INFO - Making node... 
2025-05-20 18:46:03,999 INFO - Leaf created 
2025-05-20 18:46:03,999 INFO - Most frequent label: 1 
2025-05-20 18:46:03,999 INFO - Making node... 
2025-05-20 18:46:03,999 INFO - Leaf created 
2025-05-20 18:46:03,999 INFO - Most frequent label: 2 
2025-05-20 18:46:03,999 INFO - Making node... 
2025-05-20 18:46:03,999 INFO - Leaf created 
2025-05-20 18:46:03,999 INFO - Most frequent label: 2 
2025-05-20 18:46:03,999 INFO - Making node... 
2025-05-20 18:46:03,999 INFO - Leaf created 
2025-05-20 18:46:03,999 INFO - Most frequent label: 2 
2025-05-20 18:46:03,999 INFO - 28 Tree created
 
2025-05-20 18:46:04,000 INFO - Making node... 
2025-05-20 18:46:04,000 INFO - Making node... 
2025-05-20 18:46:04,000 INFO - Leaf created 
2025-05-20 18:46:04,000 INFO - Most frequent label: 0 
2025-05-20 18:46:04,000 INFO - Making node... 
2025-05-20 18:46:04,001 INFO - Making node... 
2025-05-20 18:46:04,002 INFO - Making node... 
2025-05-20 18:46:04,002 INFO - Leaf created 
2025-05-20 18:46:04,002 INFO - Most frequent label: 1 
2025-05-20 18:46:04,002 INFO - Making node... 
2025-05-20 18:46:04,002 INFO - Making node... 
2025-05-20 18:46:04,003 INFO - Leaf created 
2025-05-20 18:46:04,003 INFO - Most frequent label: 1 
2025-05-20 18:46:04,003 INFO - Making node... 
2025-05-20 18:46:04,003 INFO - Leaf created 
2025-05-20 18:46:04,003 INFO - Most frequent label: 2 
2025-05-20 18:46:04,003 INFO - Making node... 
2025-05-20 18:46:04,003 INFO - Leaf created 
2025-05-20 18:46:04,003 INFO - Most frequent label: 2 
2025-05-20 18:46:04,003 INFO - 29 Tree created
 
2025-05-20 18:46:04,003 INFO - Making node... 
2025-05-20 18:46:04,003 INFO - Making node... 
2025-05-20 18:46:04,003 INFO - Leaf created 
2025-05-20 18:46:04,003 INFO - Most frequent label: 0 
2025-05-20 18:46:04,004 INFO - Making node... 
2025-05-20 18:46:04,004 INFO - Making node... 
2025-05-20 18:46:04,004 INFO - Making node... 
2025-05-20 18:46:04,004 INFO - Leaf created 
2025-05-20 18:46:04,004 INFO - Most frequent label: 0 
2025-05-20 18:46:04,004 INFO - Making node... 
2025-05-20 18:46:04,004 INFO - Leaf created 
2025-05-20 18:46:04,004 INFO - Most frequent label: 1 
2025-05-20 18:46:04,004 INFO - Making node... 
2025-05-20 18:46:04,005 INFO - Making node... 
2025-05-20 18:46:04,005 INFO - Making node... 
2025-05-20 18:46:04,005 INFO - Making node... 
2025-05-20 18:46:04,006 INFO - Making node... 
2025-05-20 18:46:04,006 INFO - Leaf created 
2025-05-20 18:46:04,006 INFO - Most frequent label: 2 
2025-05-20 18:46:04,006 INFO - Making node... 
2025-05-20 18:46:04,006 INFO - Leaf created 
2025-05-20 18:46:04,006 INFO - Most frequent label: 1 
2025-05-20 18:46:04,006 INFO - Making node... 
2025-05-20 18:46:04,006 INFO - Leaf created 
2025-05-20 18:46:04,006 INFO - Most frequent label: 1 
2025-05-20 18:46:04,006 INFO - Making node... 
2025-05-20 18:46:04,006 INFO - Leaf created 
2025-05-20 18:46:04,007 INFO - Most frequent label: 2 
2025-05-20 18:46:04,007 INFO - Making node... 
2025-05-20 18:46:04,007 INFO - Leaf created 
2025-05-20 18:46:04,007 INFO - Most frequent label: 2 
2025-05-20 18:46:04,007 INFO - 30 Tree created
 
2025-05-20 18:46:04,007 INFO - Making node... 
2025-05-20 18:46:04,007 INFO - Making node... 
2025-05-20 18:46:04,007 INFO - Leaf created 
2025-05-20 18:46:04,007 INFO - Most frequent label: 0 
2025-05-20 18:46:04,007 INFO - Making node... 
2025-05-20 18:46:04,008 INFO - Making node... 
2025-05-20 18:46:04,008 INFO - Making node... 
2025-05-20 18:46:04,008 INFO - Leaf created 
2025-05-20 18:46:04,008 INFO - Most frequent label: 2 
2025-05-20 18:46:04,008 INFO - Making node... 
2025-05-20 18:46:04,008 INFO - Making node... 
2025-05-20 18:46:04,008 INFO - Leaf created 
2025-05-20 18:46:04,009 INFO - Most frequent label: 1 
2025-05-20 18:46:04,009 INFO - Making node... 
2025-05-20 18:46:04,009 INFO - Making node... 
2025-05-20 18:46:04,009 INFO - Leaf created 
2025-05-20 18:46:04,009 INFO - Most frequent label: 0 
2025-05-20 18:46:04,009 INFO - Making node... 
2025-05-20 18:46:04,009 INFO - Making node... 
2025-05-20 18:46:04,009 INFO - Making node... 
2025-05-20 18:46:04,010 INFO - Making node... 
2025-05-20 18:46:04,010 INFO - Leaf created 
2025-05-20 18:46:04,010 INFO - Most frequent label: 1 
2025-05-20 18:46:04,010 INFO - Making node... 
2025-05-20 18:46:04,010 INFO - Leaf created 
2025-05-20 18:46:04,010 INFO - Most frequent label: 2 
2025-05-20 18:46:04,010 INFO - Making node... 
2025-05-20 18:46:04,010 INFO - Leaf created 
2025-05-20 18:46:04,010 INFO - Most frequent label: 2 
2025-05-20 18:46:04,010 INFO - Making node... 
2025-05-20 18:46:04,010 INFO - Leaf created 
2025-05-20 18:46:04,010 INFO - Most frequent label: 2 
2025-05-20 18:46:04,010 INFO - Making node... 
2025-05-20 18:46:04,010 INFO - Leaf created 
2025-05-20 18:46:04,010 INFO - Most frequent label: 0 
2025-05-20 18:46:04,010 INFO - 31 Tree created
 
2025-05-20 18:46:04,010 INFO - Making node... 
2025-05-20 18:46:04,011 INFO - Making node... 
2025-05-20 18:46:04,011 INFO - Making node... 
2025-05-20 18:46:04,011 INFO - Leaf created 
2025-05-20 18:46:04,011 INFO - Most frequent label: 0 
2025-05-20 18:46:04,011 INFO - Making node... 
2025-05-20 18:46:04,011 INFO - Making node... 
2025-05-20 18:46:04,011 INFO - Making node... 
2025-05-20 18:46:04,011 INFO - Leaf created 
2025-05-20 18:46:04,011 INFO - Most frequent label: 0 
2025-05-20 18:46:04,011 INFO - Making node... 
2025-05-20 18:46:04,011 INFO - Leaf created 
2025-05-20 18:46:04,011 INFO - Most frequent label: 1 
2025-05-20 18:46:04,012 INFO - Making node... 
2025-05-20 18:46:04,012 INFO - Making node... 
2025-05-20 18:46:04,012 INFO - Leaf created 
2025-05-20 18:46:04,012 INFO - Most frequent label: 0 
2025-05-20 18:46:04,012 INFO - Making node... 
2025-05-20 18:46:04,012 INFO - Leaf created 
2025-05-20 18:46:04,012 INFO - Most frequent label: 1 
2025-05-20 18:46:04,012 INFO - Making node... 
2025-05-20 18:46:04,012 INFO - Making node... 
2025-05-20 18:46:04,012 INFO - Leaf created 
2025-05-20 18:46:04,012 INFO - Most frequent label: 1 
2025-05-20 18:46:04,012 INFO - Making node... 
2025-05-20 18:46:04,012 INFO - Making node... 
2025-05-20 18:46:04,013 INFO - Leaf created 
2025-05-20 18:46:04,013 INFO - Most frequent label: 2 
2025-05-20 18:46:04,013 INFO - Making node... 
2025-05-20 18:46:04,013 INFO - Leaf created 
2025-05-20 18:46:04,013 INFO - Most frequent label: 2 
2025-05-20 18:46:04,013 INFO - 32 Tree created
 
2025-05-20 18:46:04,013 INFO - Making node... 
2025-05-20 18:46:04,013 INFO - Making node... 
2025-05-20 18:46:04,013 INFO - Leaf created 
2025-05-20 18:46:04,014 INFO - Most frequent label: 0 
2025-05-20 18:46:04,014 INFO - Making node... 
2025-05-20 18:46:04,014 INFO - Making node... 
2025-05-20 18:46:04,014 INFO - Leaf created 
2025-05-20 18:46:04,014 INFO - Most frequent label: 0 
2025-05-20 18:46:04,014 INFO - Making node... 
2025-05-20 18:46:04,015 INFO - Making node... 
2025-05-20 18:46:04,016 INFO - Making node... 
2025-05-20 18:46:04,016 INFO - Leaf created 
2025-05-20 18:46:04,016 INFO - Most frequent label: 1 
2025-05-20 18:46:04,017 INFO - Making node... 
2025-05-20 18:46:04,017 INFO - Making node... 
2025-05-20 18:46:04,017 INFO - Leaf created 
2025-05-20 18:46:04,018 INFO - Most frequent label: 1 
2025-05-20 18:46:04,018 INFO - Making node... 
2025-05-20 18:46:04,018 INFO - Making node... 
2025-05-20 18:46:04,018 INFO - Making node... 
2025-05-20 18:46:04,018 INFO - Leaf created 
2025-05-20 18:46:04,019 INFO - Most frequent label: 2 
2025-05-20 18:46:04,019 INFO - Making node... 
2025-05-20 18:46:04,019 INFO - Leaf created 
2025-05-20 18:46:04,019 INFO - Most frequent label: 2 
2025-05-20 18:46:04,019 INFO - Making node... 
2025-05-20 18:46:04,019 INFO - Leaf created 
2025-05-20 18:46:04,019 INFO - Most frequent label: 2 
2025-05-20 18:46:04,019 INFO - Making node... 
2025-05-20 18:46:04,019 INFO - Leaf created 
2025-05-20 18:46:04,019 INFO - Most frequent label: 2 
2025-05-20 18:46:04,019 INFO - 33 Tree created
 
2025-05-20 18:46:04,019 INFO - Making node... 
2025-05-20 18:46:04,020 INFO - Making node... 
2025-05-20 18:46:04,020 INFO - Leaf created 
2025-05-20 18:46:04,020 INFO - Most frequent label: 1 
2025-05-20 18:46:04,020 INFO - Making node... 
2025-05-20 18:46:04,020 INFO - Making node... 
2025-05-20 18:46:04,020 INFO - Making node... 
2025-05-20 18:46:04,020 INFO - Leaf created 
2025-05-20 18:46:04,020 INFO - Most frequent label: 0 
2025-05-20 18:46:04,021 INFO - Making node... 
2025-05-20 18:46:04,021 INFO - Making node... 
2025-05-20 18:46:04,021 INFO - Leaf created 
2025-05-20 18:46:04,021 INFO - Most frequent label: 1 
2025-05-20 18:46:04,021 INFO - Making node... 
2025-05-20 18:46:04,021 INFO - Making node... 
2025-05-20 18:46:04,021 INFO - Leaf created 
2025-05-20 18:46:04,021 INFO - Most frequent label: 2 
2025-05-20 18:46:04,021 INFO - Making node... 
2025-05-20 18:46:04,021 INFO - Leaf created 
2025-05-20 18:46:04,022 INFO - Most frequent label: 2 
2025-05-20 18:46:04,022 INFO - Making node... 
2025-05-20 18:46:04,022 INFO - Making node... 
2025-05-20 18:46:04,022 INFO - Making node... 
2025-05-20 18:46:04,022 INFO - Leaf created 
2025-05-20 18:46:04,022 INFO - Most frequent label: 0 
2025-05-20 18:46:04,022 INFO - Making node... 
2025-05-20 18:46:04,022 INFO - Leaf created 
2025-05-20 18:46:04,022 INFO - Most frequent label: 0 
2025-05-20 18:46:04,022 INFO - Making node... 
2025-05-20 18:46:04,022 INFO - Leaf created 
2025-05-20 18:46:04,022 INFO - Most frequent label: 2 
2025-05-20 18:46:04,022 INFO - 34 Tree created
 
2025-05-20 18:46:04,023 INFO - Making node... 
2025-05-20 18:46:04,023 INFO - Making node... 
2025-05-20 18:46:04,023 INFO - Making node... 
2025-05-20 18:46:04,023 INFO - Leaf created 
2025-05-20 18:46:04,023 INFO - Most frequent label: 0 
2025-05-20 18:46:04,023 INFO - Making node... 
2025-05-20 18:46:04,023 INFO - Leaf created 
2025-05-20 18:46:04,023 INFO - Most frequent label: 1 
2025-05-20 18:46:04,023 INFO - Making node... 
2025-05-20 18:46:04,024 INFO - Making node... 
2025-05-20 18:46:04,024 INFO - Making node... 
2025-05-20 18:46:04,025 INFO - Making node... 
2025-05-20 18:46:04,025 INFO - Making node... 
2025-05-20 18:46:04,026 INFO - Leaf created 
2025-05-20 18:46:04,026 INFO - Most frequent label: 1 
2025-05-20 18:46:04,026 INFO - Making node... 
2025-05-20 18:46:04,026 INFO - Leaf created 
2025-05-20 18:46:04,026 INFO - Most frequent label: 1 
2025-05-20 18:46:04,026 INFO - Making node... 
2025-05-20 18:46:04,026 INFO - Leaf created 
2025-05-20 18:46:04,026 INFO - Most frequent label: 1 
2025-05-20 18:46:04,026 INFO - Making node... 
2025-05-20 18:46:04,027 INFO - Making node... 
2025-05-20 18:46:04,027 INFO - Leaf created 
2025-05-20 18:46:04,027 INFO - Most frequent label: 2 
2025-05-20 18:46:04,027 INFO - Making node... 
2025-05-20 18:46:04,027 INFO - Leaf created 
2025-05-20 18:46:04,027 INFO - Most frequent label: 2 
2025-05-20 18:46:04,027 INFO - Making node... 
2025-05-20 18:46:04,027 INFO - Leaf created 
2025-05-20 18:46:04,027 INFO - Most frequent label: 2 
2025-05-20 18:46:04,027 INFO - 35 Tree created
 
2025-05-20 18:46:04,027 INFO - Making node... 
2025-05-20 18:46:04,028 INFO - Making node... 
2025-05-20 18:46:04,028 INFO - Making node... 
2025-05-20 18:46:04,028 INFO - Leaf created 
2025-05-20 18:46:04,028 INFO - Most frequent label: 0 
2025-05-20 18:46:04,028 INFO - Making node... 
2025-05-20 18:46:04,028 INFO - Leaf created 
2025-05-20 18:46:04,028 INFO - Most frequent label: 0 
2025-05-20 18:46:04,028 INFO - Making node... 
2025-05-20 18:46:04,028 INFO - Making node... 
2025-05-20 18:46:04,029 INFO - Leaf created 
2025-05-20 18:46:04,029 INFO - Most frequent label: 1 
2025-05-20 18:46:04,029 INFO - Making node... 
2025-05-20 18:46:04,029 INFO - Making node... 
2025-05-20 18:46:04,029 INFO - Leaf created 
2025-05-20 18:46:04,029 INFO - Most frequent label: 1 
2025-05-20 18:46:04,029 INFO - Making node... 
2025-05-20 18:46:04,029 INFO - Leaf created 
2025-05-20 18:46:04,029 INFO - Most frequent label: 2 
2025-05-20 18:46:04,029 INFO - 36 Tree created
 
2025-05-20 18:46:04,029 INFO - Making node... 
2025-05-20 18:46:04,030 INFO - Making node... 
2025-05-20 18:46:04,030 INFO - Making node... 
2025-05-20 18:46:04,030 INFO - Leaf created 
2025-05-20 18:46:04,030 INFO - Most frequent label: 1 
2025-05-20 18:46:04,030 INFO - Making node... 
2025-05-20 18:46:04,031 INFO - Making node... 
2025-05-20 18:46:04,031 INFO - Leaf created 
2025-05-20 18:46:04,032 INFO - Most frequent label: 0 
2025-05-20 18:46:04,032 INFO - Making node... 
2025-05-20 18:46:04,032 INFO - Making node... 
2025-05-20 18:46:04,032 INFO - Leaf created 
2025-05-20 18:46:04,033 INFO - Most frequent label: 0 
2025-05-20 18:46:04,033 INFO - Making node... 
2025-05-20 18:46:04,033 INFO - Making node... 
2025-05-20 18:46:04,033 INFO - Leaf created 
2025-05-20 18:46:04,034 INFO - Most frequent label: 1 
2025-05-20 18:46:04,034 INFO - Making node... 
2025-05-20 18:46:04,034 INFO - Making node... 
2025-05-20 18:46:04,034 INFO - Leaf created 
2025-05-20 18:46:04,034 INFO - Most frequent label: 2 
2025-05-20 18:46:04,034 INFO - Making node... 
2025-05-20 18:46:04,034 INFO - Leaf created 
2025-05-20 18:46:04,034 INFO - Most frequent label: 2 
2025-05-20 18:46:04,034 INFO - Making node... 
2025-05-20 18:46:04,034 INFO - Making node... 
2025-05-20 18:46:04,035 INFO - Making node... 
2025-05-20 18:46:04,035 INFO - Leaf created 
2025-05-20 18:46:04,035 INFO - Most frequent label: 0 
2025-05-20 18:46:04,035 INFO - Making node... 
2025-05-20 18:46:04,035 INFO - Leaf created 
2025-05-20 18:46:04,035 INFO - Most frequent label: 1 
2025-05-20 18:46:04,035 INFO - Making node... 
2025-05-20 18:46:04,035 INFO - Leaf created 
2025-05-20 18:46:04,035 INFO - Most frequent label: 2 
2025-05-20 18:46:04,035 INFO - 37 Tree created
 
2025-05-20 18:46:04,035 INFO - Making node... 
2025-05-20 18:46:04,035 INFO - Making node... 
2025-05-20 18:46:04,036 INFO - Making node... 
2025-05-20 18:46:04,036 INFO - Leaf created 
2025-05-20 18:46:04,036 INFO - Most frequent label: 0 
2025-05-20 18:46:04,036 INFO - Making node... 
2025-05-20 18:46:04,036 INFO - Making node... 
2025-05-20 18:46:04,036 INFO - Leaf created 
2025-05-20 18:46:04,036 INFO - Most frequent label: 0 
2025-05-20 18:46:04,036 INFO - Making node... 
2025-05-20 18:46:04,036 INFO - Leaf created 
2025-05-20 18:46:04,036 INFO - Most frequent label: 1 
2025-05-20 18:46:04,036 INFO - Making node... 
2025-05-20 18:46:04,037 INFO - Making node... 
2025-05-20 18:46:04,037 INFO - Leaf created 
2025-05-20 18:46:04,037 INFO - Most frequent label: 1 
2025-05-20 18:46:04,037 INFO - Making node... 
2025-05-20 18:46:04,037 INFO - Making node... 
2025-05-20 18:46:04,037 INFO - Leaf created 
2025-05-20 18:46:04,037 INFO - Most frequent label: 2 
2025-05-20 18:46:04,037 INFO - Making node... 
2025-05-20 18:46:04,038 INFO - Making node... 
2025-05-20 18:46:04,038 INFO - Making node... 
2025-05-20 18:46:04,038 INFO - Leaf created 
2025-05-20 18:46:04,038 INFO - Most frequent label: 1 
2025-05-20 18:46:04,038 INFO - Making node... 
2025-05-20 18:46:04,038 INFO - Leaf created 
2025-05-20 18:46:04,038 INFO - Most frequent label: 2 
2025-05-20 18:46:04,038 INFO - Making node... 
2025-05-20 18:46:04,038 INFO - Leaf created 
2025-05-20 18:46:04,038 INFO - Most frequent label: 2 
2025-05-20 18:46:04,039 INFO - 38 Tree created
 
2025-05-20 18:46:04,039 INFO - Making node... 
2025-05-20 18:46:04,039 INFO - Making node... 
2025-05-20 18:46:04,039 INFO - Leaf created 
2025-05-20 18:46:04,039 INFO - Most frequent label: 0 
2025-05-20 18:46:04,039 INFO - Making node... 
2025-05-20 18:46:04,039 INFO - Making node... 
2025-05-20 18:46:04,039 INFO - Leaf created 
2025-05-20 18:46:04,039 INFO - Most frequent label: 1 
2025-05-20 18:46:04,040 INFO - Making node... 
2025-05-20 18:46:04,040 INFO - Making node... 
2025-05-20 18:46:04,040 INFO - Leaf created 
2025-05-20 18:46:04,040 INFO - Most frequent label: 0 
2025-05-20 18:46:04,040 INFO - Making node... 
2025-05-20 18:46:04,040 INFO - Making node... 
2025-05-20 18:46:04,040 INFO - Making node... 
2025-05-20 18:46:04,040 INFO - Leaf created 
2025-05-20 18:46:04,041 INFO - Most frequent label: 1 
2025-05-20 18:46:04,041 INFO - Making node... 
2025-05-20 18:46:04,041 INFO - Leaf created 
2025-05-20 18:46:04,041 INFO - Most frequent label: 2 
2025-05-20 18:46:04,041 INFO - Making node... 
2025-05-20 18:46:04,041 INFO - Leaf created 
2025-05-20 18:46:04,041 INFO - Most frequent label: 2 
2025-05-20 18:46:04,041 INFO - 39 Tree created
 
2025-05-20 18:46:04,041 INFO - Making node... 
2025-05-20 18:46:04,041 INFO - Making node... 
2025-05-20 18:46:04,041 INFO - Leaf created 
2025-05-20 18:46:04,041 INFO - Most frequent label: 0 
2025-05-20 18:46:04,041 INFO - Making node... 
2025-05-20 18:46:04,042 INFO - Making node... 
2025-05-20 18:46:04,042 INFO - Making node... 
2025-05-20 18:46:04,042 INFO - Making node... 
2025-05-20 18:46:04,042 INFO - Leaf created 
2025-05-20 18:46:04,042 INFO - Most frequent label: 1 
2025-05-20 18:46:04,042 INFO - Making node... 
2025-05-20 18:46:04,043 INFO - Making node... 
2025-05-20 18:46:04,043 INFO - Leaf created 
2025-05-20 18:46:04,043 INFO - Most frequent label: 0 
2025-05-20 18:46:04,043 INFO - Making node... 
2025-05-20 18:46:04,043 INFO - Making node... 
2025-05-20 18:46:04,043 INFO - Making node... 
2025-05-20 18:46:04,044 INFO - Making node... 
2025-05-20 18:46:04,044 INFO - Making node... 
2025-05-20 18:46:04,044 INFO - Leaf created 
2025-05-20 18:46:04,044 INFO - Most frequent label: 1 
2025-05-20 18:46:04,044 INFO - Making node... 
2025-05-20 18:46:04,044 INFO - Leaf created 
2025-05-20 18:46:04,044 INFO - Most frequent label: 2 
2025-05-20 18:46:04,044 INFO - Making node... 
2025-05-20 18:46:04,044 INFO - Leaf created 
2025-05-20 18:46:04,044 INFO - Most frequent label: 2 
2025-05-20 18:46:04,044 INFO - Making node... 
2025-05-20 18:46:04,044 INFO - Leaf created 
2025-05-20 18:46:04,044 INFO - Most frequent label: 2 
2025-05-20 18:46:04,044 INFO - Making node... 
2025-05-20 18:46:04,044 INFO - Leaf created 
2025-05-20 18:46:04,044 INFO - Most frequent label: 2 
2025-05-20 18:46:04,045 INFO - Making node... 
2025-05-20 18:46:04,045 INFO - Leaf created 
2025-05-20 18:46:04,045 INFO - Most frequent label: 2 
2025-05-20 18:46:04,045 INFO - Making node... 
2025-05-20 18:46:04,045 INFO - Making node... 
2025-05-20 18:46:04,045 INFO - Leaf created 
2025-05-20 18:46:04,045 INFO - Most frequent label: 0 
2025-05-20 18:46:04,045 INFO - Making node... 
2025-05-20 18:46:04,045 INFO - Leaf created 
2025-05-20 18:46:04,045 INFO - Most frequent label: 2 
2025-05-20 18:46:04,045 INFO - 40 Tree created
 
2025-05-20 18:46:04,045 INFO - Making node... 
2025-05-20 18:46:04,046 INFO - Making node... 
2025-05-20 18:46:04,046 INFO - Leaf created 
2025-05-20 18:46:04,046 INFO - Most frequent label: 0 
2025-05-20 18:46:04,046 INFO - Making node... 
2025-05-20 18:46:04,046 INFO - Making node... 
2025-05-20 18:46:04,047 INFO - Making node... 
2025-05-20 18:46:04,047 INFO - Making node... 
2025-05-20 18:46:04,047 INFO - Leaf created 
2025-05-20 18:46:04,048 INFO - Most frequent label: 0 
2025-05-20 18:46:04,048 INFO - Making node... 
2025-05-20 18:46:04,048 INFO - Leaf created 
2025-05-20 18:46:04,048 INFO - Most frequent label: 1 
2025-05-20 18:46:04,048 INFO - Making node... 
2025-05-20 18:46:04,048 INFO - Making node... 
2025-05-20 18:46:04,048 INFO - Leaf created 
2025-05-20 18:46:04,048 INFO - Most frequent label: 2 
2025-05-20 18:46:04,048 INFO - Making node... 
2025-05-20 18:46:04,048 INFO - Making node... 
2025-05-20 18:46:04,049 INFO - Making node... 
2025-05-20 18:46:04,049 INFO - Leaf created 
2025-05-20 18:46:04,049 INFO - Most frequent label: 1 
2025-05-20 18:46:04,049 INFO - Making node... 
2025-05-20 18:46:04,049 INFO - Making node... 
2025-05-20 18:46:04,049 INFO - Leaf created 
2025-05-20 18:46:04,049 INFO - Most frequent label: 1 
2025-05-20 18:46:04,049 INFO - Making node... 
2025-05-20 18:46:04,050 INFO - Making node... 
2025-05-20 18:46:04,050 INFO - Leaf created 
2025-05-20 18:46:04,050 INFO - Most frequent label: 1 
2025-05-20 18:46:04,050 INFO - Making node... 
2025-05-20 18:46:04,050 INFO - Leaf created 
2025-05-20 18:46:04,050 INFO - Most frequent label: 2 
2025-05-20 18:46:04,050 INFO - Making node... 
2025-05-20 18:46:04,050 INFO - Leaf created 
2025-05-20 18:46:04,050 INFO - Most frequent label: 2 
2025-05-20 18:46:04,050 INFO - Making node... 
2025-05-20 18:46:04,050 INFO - Leaf created 
2025-05-20 18:46:04,050 INFO - Most frequent label: 0 
2025-05-20 18:46:04,050 INFO - 41 Tree created
 
2025-05-20 18:46:04,050 INFO - Making node... 
2025-05-20 18:46:04,050 INFO - Making node... 
2025-05-20 18:46:04,051 INFO - Leaf created 
2025-05-20 18:46:04,051 INFO - Most frequent label: 0 
2025-05-20 18:46:04,051 INFO - Making node... 
2025-05-20 18:46:04,051 INFO - Making node... 
2025-05-20 18:46:04,051 INFO - Making node... 
2025-05-20 18:46:04,051 INFO - Making node... 
2025-05-20 18:46:04,052 INFO - Making node... 
2025-05-20 18:46:04,052 INFO - Leaf created 
2025-05-20 18:46:04,052 INFO - Most frequent label: 1 
2025-05-20 18:46:04,052 INFO - Making node... 
2025-05-20 18:46:04,052 INFO - Leaf created 
2025-05-20 18:46:04,052 INFO - Most frequent label: 1 
2025-05-20 18:46:04,052 INFO - Making node... 
2025-05-20 18:46:04,052 INFO - Leaf created 
2025-05-20 18:46:04,052 INFO - Most frequent label: 2 
2025-05-20 18:46:04,052 INFO - Making node... 
2025-05-20 18:46:04,052 INFO - Leaf created 
2025-05-20 18:46:04,052 INFO - Most frequent label: 2 
2025-05-20 18:46:04,052 INFO - Making node... 
2025-05-20 18:46:04,052 INFO - Leaf created 
2025-05-20 18:46:04,052 INFO - Most frequent label: 2 
2025-05-20 18:46:04,052 INFO - 42 Tree created
 
2025-05-20 18:46:04,052 INFO - Making node... 
2025-05-20 18:46:04,053 INFO - Making node... 
2025-05-20 18:46:04,053 INFO - Leaf created 
2025-05-20 18:46:04,053 INFO - Most frequent label: 0 
2025-05-20 18:46:04,053 INFO - Making node... 
2025-05-20 18:46:04,053 INFO - Making node... 
2025-05-20 18:46:04,053 INFO - Making node... 
2025-05-20 18:46:04,054 INFO - Making node... 
2025-05-20 18:46:04,054 INFO - Leaf created 
2025-05-20 18:46:04,054 INFO - Most frequent label: 0 
2025-05-20 18:46:04,054 INFO - Making node... 
2025-05-20 18:46:04,054 INFO - Leaf created 
2025-05-20 18:46:04,054 INFO - Most frequent label: 1 
2025-05-20 18:46:04,054 INFO - Making node... 
2025-05-20 18:46:04,054 INFO - Making node... 
2025-05-20 18:46:04,054 INFO - Leaf created 
2025-05-20 18:46:04,054 INFO - Most frequent label: 0 
2025-05-20 18:46:04,054 INFO - Making node... 
2025-05-20 18:46:04,055 INFO - Making node... 
2025-05-20 18:46:04,055 INFO - Making node... 
2025-05-20 18:46:04,055 INFO - Making node... 
2025-05-20 18:46:04,055 INFO - Leaf created 
2025-05-20 18:46:04,055 INFO - Most frequent label: 1 
2025-05-20 18:46:04,055 INFO - Making node... 
2025-05-20 18:46:04,055 INFO - Leaf created 
2025-05-20 18:46:04,055 INFO - Most frequent label: 2 
2025-05-20 18:46:04,055 INFO - Making node... 
2025-05-20 18:46:04,055 INFO - Leaf created 
2025-05-20 18:46:04,055 INFO - Most frequent label: 2 
2025-05-20 18:46:04,055 INFO - Making node... 
2025-05-20 18:46:04,055 INFO - Leaf created 
2025-05-20 18:46:04,055 INFO - Most frequent label: 2 
2025-05-20 18:46:04,056 INFO - Making node... 
2025-05-20 18:46:04,056 INFO - Leaf created 
2025-05-20 18:46:04,056 INFO - Most frequent label: 0 
2025-05-20 18:46:04,056 INFO - 43 Tree created
 
2025-05-20 18:46:04,056 INFO - Making node... 
2025-05-20 18:46:04,056 INFO - Making node... 
2025-05-20 18:46:04,056 INFO - Leaf created 
2025-05-20 18:46:04,056 INFO - Most frequent label: 0 
2025-05-20 18:46:04,056 INFO - Making node... 
2025-05-20 18:46:04,056 INFO - Making node... 
2025-05-20 18:46:04,056 INFO - Leaf created 
2025-05-20 18:46:04,057 INFO - Most frequent label: 2 
2025-05-20 18:46:04,057 INFO - Making node... 
2025-05-20 18:46:04,057 INFO - Making node... 
2025-05-20 18:46:04,057 INFO - Leaf created 
2025-05-20 18:46:04,057 INFO - Most frequent label: 1 
2025-05-20 18:46:04,057 INFO - Making node... 
2025-05-20 18:46:04,057 INFO - Making node... 
2025-05-20 18:46:04,057 INFO - Making node... 
2025-05-20 18:46:04,058 INFO - Leaf created 
2025-05-20 18:46:04,058 INFO - Most frequent label: 2 
2025-05-20 18:46:04,058 INFO - Making node... 
2025-05-20 18:46:04,058 INFO - Leaf created 
2025-05-20 18:46:04,058 INFO - Most frequent label: 2 
2025-05-20 18:46:04,058 INFO - Making node... 
2025-05-20 18:46:04,058 INFO - Leaf created 
2025-05-20 18:46:04,058 INFO - Most frequent label: 2 
2025-05-20 18:46:04,058 INFO - 44 Tree created
 
2025-05-20 18:46:04,058 INFO - Making node... 
2025-05-20 18:46:04,058 INFO - Making node... 
2025-05-20 18:46:04,058 INFO - Making node... 
2025-05-20 18:46:04,058 INFO - Leaf created 
2025-05-20 18:46:04,059 INFO - Most frequent label: 0 
2025-05-20 18:46:04,059 INFO - Making node... 
2025-05-20 18:46:04,059 INFO - Making node... 
2025-05-20 18:46:04,059 INFO - Leaf created 
2025-05-20 18:46:04,059 INFO - Most frequent label: 1 
2025-05-20 18:46:04,059 INFO - Making node... 
2025-05-20 18:46:04,059 INFO - Leaf created 
2025-05-20 18:46:04,059 INFO - Most frequent label: 1 
2025-05-20 18:46:04,059 INFO - Making node... 
2025-05-20 18:46:04,059 INFO - Making node... 
2025-05-20 18:46:04,059 INFO - Leaf created 
2025-05-20 18:46:04,059 INFO - Most frequent label: 2 
2025-05-20 18:46:04,059 INFO - Making node... 
2025-05-20 18:46:04,060 INFO - Making node... 
2025-05-20 18:46:04,060 INFO - Leaf created 
2025-05-20 18:46:04,060 INFO - Most frequent label: 2 
2025-05-20 18:46:04,060 INFO - Making node... 
2025-05-20 18:46:04,060 INFO - Making node... 
2025-05-20 18:46:04,060 INFO - Leaf created 
2025-05-20 18:46:04,060 INFO - Most frequent label: 1 
2025-05-20 18:46:04,060 INFO - Making node... 
2025-05-20 18:46:04,060 INFO - Leaf created 
2025-05-20 18:46:04,060 INFO - Most frequent label: 2 
2025-05-20 18:46:04,060 INFO - 45 Tree created
 
2025-05-20 18:46:04,060 INFO - Making node... 
2025-05-20 18:46:04,061 INFO - Making node... 
2025-05-20 18:46:04,061 INFO - Leaf created 
2025-05-20 18:46:04,061 INFO - Most frequent label: 0 
2025-05-20 18:46:04,061 INFO - Making node... 
2025-05-20 18:46:04,061 INFO - Making node... 
2025-05-20 18:46:04,061 INFO - Making node... 
2025-05-20 18:46:04,061 INFO - Making node... 
2025-05-20 18:46:04,061 INFO - Making node... 
2025-05-20 18:46:04,061 INFO - Leaf created 
2025-05-20 18:46:04,062 INFO - Most frequent label: 1 
2025-05-20 18:46:04,062 INFO - Making node... 
2025-05-20 18:46:04,062 INFO - Leaf created 
2025-05-20 18:46:04,062 INFO - Most frequent label: 2 
2025-05-20 18:46:04,062 INFO - Making node... 
2025-05-20 18:46:04,062 INFO - Leaf created 
2025-05-20 18:46:04,062 INFO - Most frequent label: 2 
2025-05-20 18:46:04,062 INFO - Making node... 
2025-05-20 18:46:04,062 INFO - Leaf created 
2025-05-20 18:46:04,062 INFO - Most frequent label: 2 
2025-05-20 18:46:04,062 INFO - Making node... 
2025-05-20 18:46:04,062 INFO - Making node... 
2025-05-20 18:46:04,062 INFO - Leaf created 
2025-05-20 18:46:04,062 INFO - Most frequent label: 1 
2025-05-20 18:46:04,062 INFO - Making node... 
2025-05-20 18:46:04,062 INFO - Leaf created 
2025-05-20 18:46:04,062 INFO - Most frequent label: 2 
2025-05-20 18:46:04,062 INFO - 46 Tree created
 
2025-05-20 18:46:04,063 INFO - Making node... 
2025-05-20 18:46:04,063 INFO - Making node... 
2025-05-20 18:46:04,063 INFO - Making node... 
2025-05-20 18:46:04,063 INFO - Leaf created 
2025-05-20 18:46:04,063 INFO - Most frequent label: 0 
2025-05-20 18:46:04,063 INFO - Making node... 
2025-05-20 18:46:04,063 INFO - Leaf created 
2025-05-20 18:46:04,064 INFO - Most frequent label: 1 
2025-05-20 18:46:04,064 INFO - Making node... 
2025-05-20 18:46:04,064 INFO - Making node... 
2025-05-20 18:46:04,064 INFO - Making node... 
2025-05-20 18:46:04,064 INFO - Leaf created 
2025-05-20 18:46:04,064 INFO - Most frequent label: 1 
2025-05-20 18:46:04,064 INFO - Making node... 
2025-05-20 18:46:04,065 INFO - Making node... 
2025-05-20 18:46:04,065 INFO - Leaf created 
2025-05-20 18:46:04,065 INFO - Most frequent label: 1 
2025-05-20 18:46:04,065 INFO - Making node... 
2025-05-20 18:46:04,065 INFO - Leaf created 
2025-05-20 18:46:04,065 INFO - Most frequent label: 2 
2025-05-20 18:46:04,065 INFO - Making node... 
2025-05-20 18:46:04,065 INFO - Leaf created 
2025-05-20 18:46:04,065 INFO - Most frequent label: 2 
2025-05-20 18:46:04,065 INFO - 47 Tree created
 
2025-05-20 18:46:04,065 INFO - Making node... 
2025-05-20 18:46:04,066 INFO - Making node... 
2025-05-20 18:46:04,066 INFO - Leaf created 
2025-05-20 18:46:04,066 INFO - Most frequent label: 0 
2025-05-20 18:46:04,066 INFO - Making node... 
2025-05-20 18:46:04,066 INFO - Making node... 
2025-05-20 18:46:04,066 INFO - Leaf created 
2025-05-20 18:46:04,066 INFO - Most frequent label: 0 
2025-05-20 18:46:04,066 INFO - Making node... 
2025-05-20 18:46:04,066 INFO - Making node... 
2025-05-20 18:46:04,067 INFO - Making node... 
2025-05-20 18:46:04,067 INFO - Leaf created 
2025-05-20 18:46:04,067 INFO - Most frequent label: 0 
2025-05-20 18:46:04,067 INFO - Making node... 
2025-05-20 18:46:04,067 INFO - Making node... 
2025-05-20 18:46:04,067 INFO - Making node... 
2025-05-20 18:46:04,067 INFO - Leaf created 
2025-05-20 18:46:04,067 INFO - Most frequent label: 1 
2025-05-20 18:46:04,067 INFO - Making node... 
2025-05-20 18:46:04,068 INFO - Making node... 
2025-05-20 18:46:04,068 INFO - Leaf created 
2025-05-20 18:46:04,068 INFO - Most frequent label: 1 
2025-05-20 18:46:04,068 INFO - Making node... 
2025-05-20 18:46:04,068 INFO - Making node... 
2025-05-20 18:46:04,068 INFO - Leaf created 
2025-05-20 18:46:04,068 INFO - Most frequent label: 1 
2025-05-20 18:46:04,068 INFO - Making node... 
2025-05-20 18:46:04,068 INFO - Leaf created 
2025-05-20 18:46:04,068 INFO - Most frequent label: 1 
2025-05-20 18:46:04,068 INFO - Making node... 
2025-05-20 18:46:04,068 INFO - Leaf created 
2025-05-20 18:46:04,068 INFO - Most frequent label: 2 
2025-05-20 18:46:04,069 INFO - Making node... 
2025-05-20 18:46:04,069 INFO - Leaf created 
2025-05-20 18:46:04,069 INFO - Most frequent label: 2 
2025-05-20 18:46:04,069 INFO - 48 Tree created
 
2025-05-20 18:46:04,069 INFO - Making node... 
2025-05-20 18:46:04,069 INFO - Making node... 
2025-05-20 18:46:04,069 INFO - Leaf created 
2025-05-20 18:46:04,069 INFO - Most frequent label: 1 
2025-05-20 18:46:04,069 INFO - Making node... 
2025-05-20 18:46:04,070 INFO - Making node... 
2025-05-20 18:46:04,070 INFO - Leaf created 
2025-05-20 18:46:04,070 INFO - Most frequent label: 0 
2025-05-20 18:46:04,070 INFO - Making node... 
2025-05-20 18:46:04,070 INFO - Making node... 
2025-05-20 18:46:04,070 INFO - Making node... 
2025-05-20 18:46:04,070 INFO - Making node... 
2025-05-20 18:46:04,071 INFO - Making node... 
2025-05-20 18:46:04,071 INFO - Making node... 
2025-05-20 18:46:04,071 INFO - Leaf created 
2025-05-20 18:46:04,071 INFO - Most frequent label: 1 
2025-05-20 18:46:04,071 INFO - Making node... 
2025-05-20 18:46:04,071 INFO - Making node... 
2025-05-20 18:46:04,071 INFO - Making node... 
2025-05-20 18:46:04,071 INFO - Leaf created 
2025-05-20 18:46:04,072 INFO - Most frequent label: 1 
2025-05-20 18:46:04,072 INFO - Making node... 
2025-05-20 18:46:04,072 INFO - Leaf created 
2025-05-20 18:46:04,072 INFO - Most frequent label: 1 
2025-05-20 18:46:04,072 INFO - Making node... 
2025-05-20 18:46:04,072 INFO - Leaf created 
2025-05-20 18:46:04,072 INFO - Most frequent label: 2 
2025-05-20 18:46:04,072 INFO - Making node... 
2025-05-20 18:46:04,072 INFO - Leaf created 
2025-05-20 18:46:04,072 INFO - Most frequent label: 2 
2025-05-20 18:46:04,072 INFO - Making node... 
2025-05-20 18:46:04,072 INFO - Leaf created 
2025-05-20 18:46:04,072 INFO - Most frequent label: 1 
2025-05-20 18:46:04,072 INFO - Making node... 
2025-05-20 18:46:04,072 INFO - Leaf created 
2025-05-20 18:46:04,072 INFO - Most frequent label: 2 
2025-05-20 18:46:04,072 INFO - Making node... 
2025-05-20 18:46:04,072 INFO - Leaf created 
2025-05-20 18:46:04,072 INFO - Most frequent label: 2 
2025-05-20 18:46:04,072 INFO - 49 Tree created
 
2025-05-20 18:46:04,073 INFO - Making node... 
2025-05-20 18:46:04,073 INFO - Making node... 
2025-05-20 18:46:04,073 INFO - Leaf created 
2025-05-20 18:46:04,073 INFO - Most frequent label: 0 
2025-05-20 18:46:04,073 INFO - Making node... 
2025-05-20 18:46:04,073 INFO - Making node... 
2025-05-20 18:46:04,073 INFO - Leaf created 
2025-05-20 18:46:04,073 INFO - Most frequent label: 1 
2025-05-20 18:46:04,073 INFO - Making node... 
2025-05-20 18:46:04,074 INFO - Making node... 
2025-05-20 18:46:04,074 INFO - Making node... 
2025-05-20 18:46:04,074 INFO - Leaf created 
2025-05-20 18:46:04,074 INFO - Most frequent label: 1 
2025-05-20 18:46:04,074 INFO - Making node... 
2025-05-20 18:46:04,074 INFO - Making node... 
2025-05-20 18:46:04,074 INFO - Leaf created 
2025-05-20 18:46:04,074 INFO - Most frequent label: 0 
2025-05-20 18:46:04,074 INFO - Making node... 
2025-05-20 18:46:04,075 INFO - Making node... 
2025-05-20 18:46:04,075 INFO - Making node... 
2025-05-20 18:46:04,075 INFO - Making node... 
2025-05-20 18:46:04,075 INFO - Leaf created 
2025-05-20 18:46:04,075 INFO - Most frequent label: 1 
2025-05-20 18:46:04,075 INFO - Making node... 
2025-05-20 18:46:04,075 INFO - Leaf created 
2025-05-20 18:46:04,075 INFO - Most frequent label: 1 
2025-05-20 18:46:04,075 INFO - Making node... 
2025-05-20 18:46:04,075 INFO - Leaf created 
2025-05-20 18:46:04,075 INFO - Most frequent label: 2 
2025-05-20 18:46:04,075 INFO - Making node... 
2025-05-20 18:46:04,076 INFO - Leaf created 
2025-05-20 18:46:04,076 INFO - Most frequent label: 2 
2025-05-20 18:46:04,076 INFO - Making node... 
2025-05-20 18:46:04,076 INFO - Leaf created 
2025-05-20 18:46:04,076 INFO - Most frequent label: 2 
2025-05-20 18:46:04,076 INFO - 50 Tree created
 
2025-05-20 18:46:04,085 INFO - Accuracy: 100.00 % 
2025-05-20 18:46:04,088 INFO - Total Time: 0 min 0.2093s
 
2025-05-20 18:46:06,276 INFO - ----- Script ended ----- 
