2025-03-17 14:23:18,584 INFO - ----- Script started -----
 
2025-03-17 14:23:30,877 INFO - Dataset: IRIS 
2025-03-17 14:23:33,711 INFO - Criterion: ENTROPY 
2025-03-17 14:23:33,712 INFO - Creating Forest...
 
2025-03-17 14:23:33,713 INFO - Making node... 
2025-03-17 14:23:33,719 INFO - Parent created 
2025-03-17 14:23:33,719 INFO - Making node... 
2025-03-17 14:23:33,719 INFO - Leaf created 
2025-03-17 14:23:33,720 INFO - Most frequent label: 0 
2025-03-17 14:23:33,720 INFO - Making node... 
2025-03-17 14:23:33,725 INFO - Parent created 
2025-03-17 14:23:33,725 INFO - Making node... 
2025-03-17 14:23:33,726 INFO - Parent created 
2025-03-17 14:23:33,726 INFO - Making node... 
2025-03-17 14:23:33,729 INFO - Parent created 
2025-03-17 14:23:33,729 INFO - Making node... 
2025-03-17 14:23:33,729 INFO - Leaf created 
2025-03-17 14:23:33,729 INFO - Most frequent label: 2 
2025-03-17 14:23:33,729 INFO - Making node... 
2025-03-17 14:23:33,729 INFO - Leaf created 
2025-03-17 14:23:33,729 INFO - Most frequent label: 1 
2025-03-17 14:23:33,729 INFO - Making node... 
2025-03-17 14:23:33,729 INFO - Leaf created 
2025-03-17 14:23:33,729 INFO - Most frequent label: 2 
2025-03-17 14:23:33,729 INFO - Making node... 
2025-03-17 14:23:33,730 INFO - Parent created 
2025-03-17 14:23:33,730 INFO - Making node... 
2025-03-17 14:23:33,730 INFO - Leaf created 
2025-03-17 14:23:33,730 INFO - Most frequent label: 1 
2025-03-17 14:23:33,730 INFO - Making node... 
2025-03-17 14:23:33,730 INFO - Leaf created 
2025-03-17 14:23:33,730 INFO - Most frequent label: 2 
2025-03-17 14:23:33,730 INFO - 1 Tree created
 
2025-03-17 14:23:33,731 INFO - Making node... 
2025-03-17 14:23:33,732 INFO - Parent created 
2025-03-17 14:23:33,732 INFO - Making node... 
2025-03-17 14:23:33,732 INFO - Leaf created 
2025-03-17 14:23:33,732 INFO - Most frequent label: 0 
2025-03-17 14:23:33,732 INFO - Making node... 
2025-03-17 14:23:33,733 INFO - Parent created 
2025-03-17 14:23:33,733 INFO - Making node... 
2025-03-17 14:23:33,734 INFO - Parent created 
2025-03-17 14:23:33,734 INFO - Making node... 
2025-03-17 14:23:33,734 INFO - Leaf created 
2025-03-17 14:23:33,734 INFO - Most frequent label: 1 
2025-03-17 14:23:33,734 INFO - Making node... 
2025-03-17 14:23:33,734 INFO - Leaf created 
2025-03-17 14:23:33,734 INFO - Most frequent label: 2 
2025-03-17 14:23:33,734 INFO - Making node... 
2025-03-17 14:23:33,735 INFO - Parent created 
2025-03-17 14:23:33,735 INFO - Making node... 
2025-03-17 14:23:33,735 INFO - Leaf created 
2025-03-17 14:23:33,735 INFO - Most frequent label: 1 
2025-03-17 14:23:33,735 INFO - Making node... 
2025-03-17 14:23:33,735 INFO - Leaf created 
2025-03-17 14:23:33,735 INFO - Most frequent label: 2 
2025-03-17 14:23:33,735 INFO - 2 Tree created
 
2025-03-17 14:23:33,735 INFO - Making node... 
2025-03-17 14:23:33,738 INFO - Parent created 
2025-03-17 14:23:33,738 INFO - Making node... 
2025-03-17 14:23:33,738 INFO - Leaf created 
2025-03-17 14:23:33,738 INFO - Most frequent label: 0 
2025-03-17 14:23:33,738 INFO - Making node... 
2025-03-17 14:23:33,740 INFO - Parent created 
2025-03-17 14:23:33,740 INFO - Making node... 
2025-03-17 14:23:33,741 INFO - Parent created 
2025-03-17 14:23:33,741 INFO - Making node... 
2025-03-17 14:23:33,741 INFO - Leaf created 
2025-03-17 14:23:33,741 INFO - Most frequent label: 1 
2025-03-17 14:23:33,741 INFO - Making node... 
2025-03-17 14:23:33,741 INFO - Parent created 
2025-03-17 14:23:33,741 INFO - Making node... 
2025-03-17 14:23:33,742 INFO - Parent created 
2025-03-17 14:23:33,742 INFO - Making node... 
2025-03-17 14:23:33,742 INFO - Leaf created 
2025-03-17 14:23:33,742 INFO - Most frequent label: 1 
2025-03-17 14:23:33,742 INFO - Making node... 
2025-03-17 14:23:33,742 INFO - Leaf created 
2025-03-17 14:23:33,742 INFO - Most frequent label: 1 
2025-03-17 14:23:33,742 INFO - Making node... 
2025-03-17 14:23:33,742 INFO - Leaf created 
2025-03-17 14:23:33,742 INFO - Most frequent label: 1 
2025-03-17 14:23:33,742 INFO - Making node... 
2025-03-17 14:23:33,742 INFO - Parent created 
2025-03-17 14:23:33,743 INFO - Making node... 
2025-03-17 14:23:33,743 INFO - Leaf created 
2025-03-17 14:23:33,743 INFO - Most frequent label: 2 
2025-03-17 14:23:33,743 INFO - Making node... 
2025-03-17 14:23:33,743 INFO - Parent created 
2025-03-17 14:23:33,743 INFO - Making node... 
2025-03-17 14:23:33,743 INFO - Leaf created 
2025-03-17 14:23:33,743 INFO - Most frequent label: 1 
2025-03-17 14:23:33,743 INFO - Making node... 
2025-03-17 14:23:33,743 INFO - Leaf created 
2025-03-17 14:23:33,743 INFO - Most frequent label: 2 
2025-03-17 14:23:33,743 INFO - 3 Tree created
 
2025-03-17 14:23:33,743 INFO - Making node... 
2025-03-17 14:23:33,746 INFO - Parent created 
2025-03-17 14:23:33,746 INFO - Making node... 
2025-03-17 14:23:33,746 INFO - Leaf created 
2025-03-17 14:23:33,746 INFO - Most frequent label: 0 
2025-03-17 14:23:33,746 INFO - Making node... 
2025-03-17 14:23:33,747 INFO - Parent created 
2025-03-17 14:23:33,747 INFO - Making node... 
2025-03-17 14:23:33,748 INFO - Parent created 
2025-03-17 14:23:33,748 INFO - Making node... 
2025-03-17 14:23:33,749 INFO - Parent created 
2025-03-17 14:23:33,749 INFO - Making node... 
2025-03-17 14:23:33,749 INFO - Leaf created 
2025-03-17 14:23:33,749 INFO - Most frequent label: 1 
2025-03-17 14:23:33,749 INFO - Making node... 
2025-03-17 14:23:33,749 INFO - Leaf created 
2025-03-17 14:23:33,749 INFO - Most frequent label: 1 
2025-03-17 14:23:33,749 INFO - Making node... 
2025-03-17 14:23:33,749 INFO - Parent created 
2025-03-17 14:23:33,750 INFO - Making node... 
2025-03-17 14:23:33,750 INFO - Leaf created 
2025-03-17 14:23:33,750 INFO - Most frequent label: 1 
2025-03-17 14:23:33,750 INFO - Making node... 
2025-03-17 14:23:33,750 INFO - Leaf created 
2025-03-17 14:23:33,750 INFO - Most frequent label: 2 
2025-03-17 14:23:33,750 INFO - Making node... 
2025-03-17 14:23:33,750 INFO - Parent created 
2025-03-17 14:23:33,750 INFO - Making node... 
2025-03-17 14:23:33,750 INFO - Leaf created 
2025-03-17 14:23:33,750 INFO - Most frequent label: 1 
2025-03-17 14:23:33,750 INFO - Making node... 
2025-03-17 14:23:33,750 INFO - Leaf created 
2025-03-17 14:23:33,750 INFO - Most frequent label: 2 
2025-03-17 14:23:33,751 INFO - 4 Tree created
 
2025-03-17 14:23:33,751 INFO - Making node... 
2025-03-17 14:23:33,752 INFO - Parent created 
2025-03-17 14:23:33,752 INFO - Making node... 
2025-03-17 14:23:33,753 INFO - Parent created 
2025-03-17 14:23:33,753 INFO - Making node... 
2025-03-17 14:23:33,753 INFO - Leaf created 
2025-03-17 14:23:33,753 INFO - Most frequent label: 2 
2025-03-17 14:23:33,753 INFO - Making node... 
2025-03-17 14:23:33,753 INFO - Leaf created 
2025-03-17 14:23:33,753 INFO - Most frequent label: 0 
2025-03-17 14:23:33,753 INFO - Making node... 
2025-03-17 14:23:33,756 INFO - Parent created 
2025-03-17 14:23:33,756 INFO - Making node... 
2025-03-17 14:23:33,758 INFO - Parent created 
2025-03-17 14:23:33,758 INFO - Making node... 
2025-03-17 14:23:33,758 INFO - Leaf created 
2025-03-17 14:23:33,758 INFO - Most frequent label: 1 
2025-03-17 14:23:33,758 INFO - Making node... 
2025-03-17 14:23:33,758 INFO - Leaf created 
2025-03-17 14:23:33,758 INFO - Most frequent label: 0 
2025-03-17 14:23:33,758 INFO - Making node... 
2025-03-17 14:23:33,759 INFO - Parent created 
2025-03-17 14:23:33,759 INFO - Making node... 
2025-03-17 14:23:33,759 INFO - Parent created 
2025-03-17 14:23:33,759 INFO - Making node... 
2025-03-17 14:23:33,759 INFO - Leaf created 
2025-03-17 14:23:33,759 INFO - Most frequent label: 1 
2025-03-17 14:23:33,759 INFO - Making node... 
2025-03-17 14:23:33,759 INFO - Leaf created 
2025-03-17 14:23:33,759 INFO - Most frequent label: 2 
2025-03-17 14:23:33,760 INFO - Making node... 
2025-03-17 14:23:33,760 INFO - Leaf created 
2025-03-17 14:23:33,760 INFO - Most frequent label: 2 
2025-03-17 14:23:33,760 INFO - 5 Tree created
 
2025-03-17 14:23:33,760 INFO - Making node... 
2025-03-17 14:23:33,762 INFO - Parent created 
2025-03-17 14:23:33,763 INFO - Making node... 
2025-03-17 14:23:33,764 INFO - Parent created 
2025-03-17 14:23:33,764 INFO - Making node... 
2025-03-17 14:23:33,764 INFO - Leaf created 
2025-03-17 14:23:33,764 INFO - Most frequent label: 0 
2025-03-17 14:23:33,764 INFO - Making node... 
2025-03-17 14:23:33,764 INFO - Parent created 
2025-03-17 14:23:33,764 INFO - Making node... 
2025-03-17 14:23:33,764 INFO - Leaf created 
2025-03-17 14:23:33,764 INFO - Most frequent label: 1 
2025-03-17 14:23:33,764 INFO - Making node... 
2025-03-17 14:23:33,764 INFO - Leaf created 
2025-03-17 14:23:33,764 INFO - Most frequent label: 2 
2025-03-17 14:23:33,765 INFO - Making node... 
2025-03-17 14:23:33,765 INFO - Parent created 
2025-03-17 14:23:33,765 INFO - Making node... 
2025-03-17 14:23:33,766 INFO - Parent created 
2025-03-17 14:23:33,766 INFO - Making node... 
2025-03-17 14:23:33,766 INFO - Leaf created 
2025-03-17 14:23:33,766 INFO - Most frequent label: 2 
2025-03-17 14:23:33,766 INFO - Making node... 
2025-03-17 14:23:33,766 INFO - Leaf created 
2025-03-17 14:23:33,766 INFO - Most frequent label: 1 
2025-03-17 14:23:33,766 INFO - Making node... 
2025-03-17 14:23:33,766 INFO - Leaf created 
2025-03-17 14:23:33,766 INFO - Most frequent label: 2 
2025-03-17 14:23:33,766 INFO - 6 Tree created
 
2025-03-17 14:23:33,766 INFO - Making node... 
2025-03-17 14:23:33,768 INFO - Parent created 
2025-03-17 14:23:33,768 INFO - Making node... 
2025-03-17 14:23:33,768 INFO - Leaf created 
2025-03-17 14:23:33,768 INFO - Most frequent label: 0 
2025-03-17 14:23:33,768 INFO - Making node... 
2025-03-17 14:23:33,769 INFO - Parent created 
2025-03-17 14:23:33,769 INFO - Making node... 
2025-03-17 14:23:33,770 INFO - Parent created 
2025-03-17 14:23:33,770 INFO - Making node... 
2025-03-17 14:23:33,770 INFO - Leaf created 
2025-03-17 14:23:33,770 INFO - Most frequent label: 1 
2025-03-17 14:23:33,770 INFO - Making node... 
2025-03-17 14:23:33,771 INFO - Parent created 
2025-03-17 14:23:33,771 INFO - Making node... 
2025-03-17 14:23:33,771 INFO - Leaf created 
2025-03-17 14:23:33,771 INFO - Most frequent label: 1 
2025-03-17 14:23:33,771 INFO - Making node... 
2025-03-17 14:23:33,771 INFO - Leaf created 
2025-03-17 14:23:33,771 INFO - Most frequent label: 2 
2025-03-17 14:23:33,771 INFO - Making node... 
2025-03-17 14:23:33,771 INFO - Leaf created 
2025-03-17 14:23:33,771 INFO - Most frequent label: 2 
2025-03-17 14:23:33,771 INFO - 7 Tree created
 
2025-03-17 14:23:33,771 INFO - Making node... 
2025-03-17 14:23:33,773 INFO - Parent created 
2025-03-17 14:23:33,773 INFO - Making node... 
2025-03-17 14:23:33,773 INFO - Leaf created 
2025-03-17 14:23:33,773 INFO - Most frequent label: 0 
2025-03-17 14:23:33,773 INFO - Making node... 
2025-03-17 14:23:33,775 INFO - Parent created 
2025-03-17 14:23:33,775 INFO - Making node... 
2025-03-17 14:23:33,776 INFO - Parent created 
2025-03-17 14:23:33,776 INFO - Making node... 
2025-03-17 14:23:33,776 INFO - Leaf created 
2025-03-17 14:23:33,776 INFO - Most frequent label: 1 
2025-03-17 14:23:33,776 INFO - Making node... 
2025-03-17 14:23:33,776 INFO - Parent created 
2025-03-17 14:23:33,776 INFO - Making node... 
2025-03-17 14:23:33,776 INFO - Leaf created 
2025-03-17 14:23:33,776 INFO - Most frequent label: 1 
2025-03-17 14:23:33,776 INFO - Making node... 
2025-03-17 14:23:33,776 INFO - Leaf created 
2025-03-17 14:23:33,776 INFO - Most frequent label: 2 
2025-03-17 14:23:33,776 INFO - Making node... 
2025-03-17 14:23:33,776 INFO - Leaf created 
2025-03-17 14:23:33,776 INFO - Most frequent label: 2 
2025-03-17 14:23:33,776 INFO - 8 Tree created
 
2025-03-17 14:23:33,776 INFO - Making node... 
2025-03-17 14:23:33,779 INFO - Parent created 
2025-03-17 14:23:33,779 INFO - Making node... 
2025-03-17 14:23:33,779 INFO - Leaf created 
2025-03-17 14:23:33,779 INFO - Most frequent label: 0 
2025-03-17 14:23:33,779 INFO - Making node... 
2025-03-17 14:23:33,780 INFO - Parent created 
2025-03-17 14:23:33,780 INFO - Making node... 
2025-03-17 14:23:33,781 INFO - Parent created 
2025-03-17 14:23:33,781 INFO - Making node... 
2025-03-17 14:23:33,781 INFO - Leaf created 
2025-03-17 14:23:33,781 INFO - Most frequent label: 1 
2025-03-17 14:23:33,781 INFO - Making node... 
2025-03-17 14:23:33,781 INFO - Leaf created 
2025-03-17 14:23:33,781 INFO - Most frequent label: 2 
2025-03-17 14:23:33,781 INFO - Making node... 
2025-03-17 14:23:33,781 INFO - Leaf created 
2025-03-17 14:23:33,781 INFO - Most frequent label: 2 
2025-03-17 14:23:33,781 INFO - 9 Tree created
 
2025-03-17 14:23:33,782 INFO - Making node... 
2025-03-17 14:23:33,783 INFO - Parent created 
2025-03-17 14:23:33,783 INFO - Making node... 
2025-03-17 14:23:33,783 INFO - Leaf created 
2025-03-17 14:23:33,783 INFO - Most frequent label: 0 
2025-03-17 14:23:33,783 INFO - Making node... 
2025-03-17 14:23:33,784 INFO - Parent created 
2025-03-17 14:23:33,784 INFO - Making node... 
2025-03-17 14:23:33,785 INFO - Parent created 
2025-03-17 14:23:33,785 INFO - Making node... 
2025-03-17 14:23:33,785 INFO - Leaf created 
2025-03-17 14:23:33,785 INFO - Most frequent label: 2 
2025-03-17 14:23:33,785 INFO - Making node... 
2025-03-17 14:23:33,785 INFO - Leaf created 
2025-03-17 14:23:33,785 INFO - Most frequent label: 1 
2025-03-17 14:23:33,785 INFO - Making node... 
2025-03-17 14:23:33,785 INFO - Leaf created 
2025-03-17 14:23:33,785 INFO - Most frequent label: 2 
2025-03-17 14:23:33,785 INFO - 10 Tree created
 
2025-03-17 14:23:33,787 INFO - Accuracy: 97.0 
 
2025-03-17 14:23:33,787 INFO - ----- Script ended ----- 
